2018-10-03 18:31:37 +0000  Initial pipeline context: <IDEDistributionProcessingPipelineContext: 0x7ff513edd350; archive(resolved)='<IDEArchive: 0x7ff4fb9e0750>', distributionTask(resolved)='2', distributionDestination(resolved)='1', distributionMethod(resolved)='<IDEDistributionMethodAdHoc: 0x7ff514b141a0>', team(resolved)='<IDEProvisioningDisambiguatableBasicTeam: 0x7ff4fb3806d0; teamID='4KR6S48UY5', teamName='GHD Limited (CA)', teamType='Company', username='randy95nguyen@gmail.com', isFreeProvisioningTeam='0'>'>
	Chain (12, self inclusive):
	<IDEDistributionProcessingPipelineContext: 0x7ff513edd350; archive = '<IDEArchive: 0x7ff4fb9e0750>', distributionMethod='<IDEDistributionMethodAdHoc: 0x7ff514b141a0>', team='<IDEProvisioningDisambiguatableBasicTeam: 0x7ff4fb3806d0; teamID='4KR6S48UY5', teamName='GHD Limited (CA)', teamType='Company', username='randy95nguyen@gmail.com', isFreeProvisioningTeam='0'>'>
	<IDEDistributionProcessingPipelineContext: 0x7ff4ffbe08f0; archive = '<IDEArchive: 0x7ff4fb9e0750>', distributionMethod='<IDEDistributionMethodAdHoc: 0x7ff514b141a0>', team='<IDEProvisioningDisambiguatableBasicTeam: 0x7ff4fb3806d0; teamID='4KR6S48UY5', teamName='GHD Limited (CA)', teamType='Company', username='randy95nguyen@gmail.com', isFreeProvisioningTeam='0'>'>
	<IDEDistributionContext: 0x7ff4fff500d0; archive = '<IDEArchive: 0x7ff4fb9e0750>', distributionMethod='<IDEDistributionMethodAdHoc: 0x7ff514b141a0>', team='<IDEProvisioningDisambiguatableBasicTeam: 0x7ff4fb3806d0; teamID='4KR6S48UY5', teamName='GHD Limited (CA)', teamType='Company', username='randy95nguyen@gmail.com', isFreeProvisioningTeam='0'>'>
	<IDEDistributionContext: 0x7ff500027d60; archive = '<IDEArchive: 0x7ff4fb9e0750>', distributionMethod='<IDEDistributionMethodAdHoc: 0x7ff514b141a0>', team='<IDEProvisioningDisambiguatableBasicTeam: 0x7ff4fb3806d0; teamID='4KR6S48UY5', teamName='GHD Limited (CA)', teamType='Company', username='randy95nguyen@gmail.com', isFreeProvisioningTeam='0'>'>
	<IDEDistributionContext: 0x7ff4ff724740; archive = '<IDEArchive: 0x7ff4fb9e0750>', distributionMethod='<IDEDistributionMethodAdHoc: 0x7ff514b141a0>', team='<IDEProvisioningDisambiguatableBasicTeam: 0x7ff4fb3806d0; teamID='4KR6S48UY5', teamName='GHD Limited (CA)', teamType='Company', username='randy95nguyen@gmail.com', isFreeProvisioningTeam='0'>'>
	<IDEDistributionContext: 0x7ff4fd619c40; archive = '<IDEArchive: 0x7ff4fb9e0750>', distributionMethod='<IDEDistributionMethodAdHoc: 0x7ff514b141a0>', team='<IDEProvisioningDisambiguatableBasicTeam: 0x7ff4fb3806d0; teamID='4KR6S48UY5', teamName='GHD Limited (CA)', teamType='Company', username='randy95nguyen@gmail.com', isFreeProvisioningTeam='0'>'>
	<IDEDistributionContext: 0x7ff4fb5956c0; archive = '<IDEArchive: 0x7ff4fb9e0750>', distributionMethod='<IDEDistributionMethodAdHoc: 0x7ff514b141a0>', team='<IDEProvisioningDisambiguatableBasicTeam: 0x7ff4fb3806d0; teamID='4KR6S48UY5', teamName='GHD Limited (CA)', teamType='Company', username='randy95nguyen@gmail.com', isFreeProvisioningTeam='0'>'>
	<IDEDistributionContext: 0x7ff4fb557bf0; archive = '<IDEArchive: 0x7ff4fb9e0750>', distributionMethod='<IDEDistributionMethodAdHoc: 0x7ff514b141a0>', team='<IDEProvisioningDisambiguatableBasicTeam: 0x7ff4fb3806d0; teamID='4KR6S48UY5', teamName='GHD Limited (CA)', teamType='Company', username='randy95nguyen@gmail.com', isFreeProvisioningTeam='0'>'>
	<IDEDistributionContext: 0x7ff5008258d0; archive = '<IDEArchive: 0x7ff4fb9e0750>', distributionMethod='<IDEDistributionMethodAdHoc: 0x7ff514b141a0>', team='<IDEProvisioningDisambiguatableBasicTeam: 0x7ff4fb3806d0; teamID='4KR6S48UY5', teamName='GHD Limited (CA)', teamType='Company', username='randy95nguyen@gmail.com', isFreeProvisioningTeam='0'>'>
	<IDEDistributionContext: 0x7ff50082a5e0; archive = '<IDEArchive: 0x7ff4fb9e0750>', distributionMethod='<IDEDistributionMethodAdHoc: 0x7ff514b141a0>', team='(null)'>
	<IDEDistributionContext: 0x7ff4fb0c98c0; archive = '<IDEArchive: 0x7ff4fb9e0750>', distributionMethod='<IDEDistributionMethodAdHoc: 0x7ff514b141a0>', team='(null)'>
	<IDEDistributionContext: 0x7ff4ff70c380; archive = '<IDEArchive: 0x7ff4fb9e0750>', distributionMethod='(null)', team='(null)'>
</IDEDistributionProcessingPipelineContext: 0x7ff513edd350>
2018-10-03 18:31:37 +0000  Processing step: IDEDistributionCreateDestRootStep
2018-10-03 18:31:37 +0000  Processing step: IDEDistributionCopyItemStep
2018-10-03 18:31:37 +0000  Running /usr/bin/ditto '-V' '/Users/randy/Library/Developer/Xcode/Archives/2018-10-03/AR PopUp 2018-10-03, 2.28 PM.xcarchive/Products/Applications/PopUp.app' '/var/folders/cw/_xtt51vd7pb0ftplv3b513q80000gr/T/XcodeDistPipeline.dqT/Root/Payload/PopUp.app'
2018-10-03 18:31:37 +0000  >>> Copying /Users/randy/Library/Developer/Xcode/Archives/2018-10-03/AR PopUp 2018-10-03, 2.28 PM.xcarchive/Products/Applications/PopUp.app 
2018-10-03 18:31:37 +0000  copying file ./_CodeSignature/CodeResources ... 
2018-10-03 18:31:37 +0000  27881 bytes for ./_CodeSignature/CodeResources
2018-10-03 18:31:37 +0000  copying file ./LaunchImage-1100-Portrait-2436h@3x.png ... 
2018-10-03 18:31:37 +0000  14552 bytes for ./LaunchImage-1100-Portrait-2436h@3x.png
2018-10-03 18:31:37 +0000  copying file ./LaunchImage@2x.png ... 
2018-10-03 18:31:37 +0000  3933 bytes for ./LaunchImage@2x.png
2018-10-03 18:31:37 +0000  copying file ./AppIcon20x20@2x.png ... 
2018-10-03 18:31:37 +0000  3606 bytes for ./AppIcon20x20@2x.png
2018-10-03 18:31:37 +0000  copying file ./PopUp ... 
2018-10-03 18:31:37 +0000  28376032 bytes for ./PopUp
2018-10-03 18:31:37 +0000  copying file ./LaunchScreen-iPhonePortrait.png ... 
138 bytes for ./LaunchScreen-iPhonePortrait.png
copying file ./LaunchScreen-iPhoneLandscape.png ... 
138 bytes for ./LaunchScreen-iPhoneLandscape.png
copying file ./AppIcon20x20@3x.png ... 
6372 bytes for ./AppIcon20x20@3x.png
copying file ./AppIcon29x29.png ... 
2277 bytes for ./AppIcon29x29.png
copying file ./LaunchScreen-iPad.nib ... 
1443 bytes for ./LaunchScreen-iPad.nib
copying file ./LaunchImage-568h@2x.png ... 
2018-10-03 18:31:37 +0000  4617 bytes for ./LaunchImage-568h@2x.png
copying file ./LaunchScreen-iPhone.nib ... 
2018-10-03 18:31:37 +0000  1453 bytes for ./LaunchScreen-iPhone.nib
2018-10-03 18:31:37 +0000  copying file ./AppIcon60x60@2x.png ... 
2018-10-03 18:31:37 +0000  17984 bytes for ./AppIcon60x60@2x.png
2018-10-03 18:31:37 +0000  copying file ./AppIcon29x29@2x.png ... 
2018-10-03 18:31:37 +0000  6074 bytes for ./AppIcon29x29@2x.png
2018-10-03 18:31:37 +0000  copying file ./LaunchImage-1100-Landscape-2436h@3x.png ... 
2018-10-03 18:31:37 +0000  12707 bytes for ./LaunchImage-1100-Landscape-2436h@3x.png
2018-10-03 18:31:37 +0000  copying file ./LaunchImage-800-667h@2x.png ... 
2018-10-03 18:31:37 +0000  5949 bytes for ./LaunchImage-800-667h@2x.png
2018-10-03 18:31:37 +0000  copying file ./LaunchImage-Portrait@2x~ipad.png ... 
2018-10-03 18:31:37 +0000  15515 bytes for ./LaunchImage-Portrait@2x~ipad.png
2018-10-03 18:31:37 +0000  copying file ./AppIcon40x40@3x.png ... 
2018-10-03 18:31:37 +0000  17984 bytes for ./AppIcon40x40@3x.png
2018-10-03 18:31:37 +0000  copying file ./AppIcon29x29~ipad.png ... 
2018-10-03 18:31:37 +0000  2277 bytes for ./AppIcon29x29~ipad.png
2018-10-03 18:31:37 +0000  copying file ./AppIcon40x40@2x.png ... 
2018-10-03 18:31:37 +0000  10012 bytes for ./AppIcon40x40@2x.png
2018-10-03 18:31:37 +0000  copying file ./LaunchImage-Portrait~ipad.png ... 
2018-10-03 18:31:37 +0000  4691 bytes for ./LaunchImage-Portrait~ipad.png
2018-10-03 18:31:37 +0000  copying file ./AppIcon29x29@3x.png ... 
2018-10-03 18:31:37 +0000  11252 bytes for ./AppIcon29x29@3x.png
2018-10-03 18:31:37 +0000  copying file ./AppIcon60x60@3x.png ... 
2018-10-03 18:31:37 +0000  36804 bytes for ./AppIcon60x60@3x.png
2018-10-03 18:31:37 +0000  copying file ./LaunchScreen-iPad.png ... 
2018-10-03 18:31:37 +0000  138 bytes for ./LaunchScreen-iPad.png
copying file ./LaunchImage-Landscape~ipad.png ... 
2018-10-03 18:31:37 +0000  4433 bytes for ./LaunchImage-Landscape~ipad.png
2018-10-03 18:31:37 +0000  copying file ./LaunchImage-700-Portrait~ipad.png ... 
2018-10-03 18:31:37 +0000  4691 bytes for ./LaunchImage-700-Portrait~ipad.png
copying file ./Assets.car ... 
2018-10-03 18:31:37 +0000  835208 bytes for ./Assets.car
2018-10-03 18:31:37 +0000  copying file ./AppIcon40x40@2x~ipad.png ... 
2018-10-03 18:31:37 +0000  10012 bytes for ./AppIcon40x40@2x~ipad.png
copying file ./AppIcon76x76@2x~ipad.png ... 
2018-10-03 18:31:37 +0000  27860 bytes for ./AppIcon76x76@2x~ipad.png
2018-10-03 18:31:37 +0000  copying file ./LaunchImage-800-Portrait-736h@3x.png ... 
2018-10-03 18:31:37 +0000  14196 bytes for ./LaunchImage-800-Portrait-736h@3x.png
2018-10-03 18:31:37 +0000  copying file ./LaunchImage-700@2x.png ... 
2018-10-03 18:31:37 +0000  3933 bytes for ./LaunchImage-700@2x.png
2018-10-03 18:31:37 +0000  copying file ./AppIcon83.5x83.5@2x~ipad.png ... 
2018-10-03 18:31:37 +0000  32323 bytes for ./AppIcon83.5x83.5@2x~ipad.png
2018-10-03 18:31:37 +0000  copying file ./LaunchImage-700-568h@2x.png ... 
2018-10-03 18:31:37 +0000  4617 bytes for ./LaunchImage-700-568h@2x.png
2018-10-03 18:31:37 +0000  copying file ./LaunchImage-Landscape@2x~ipad.png ... 
2018-10-03 18:31:37 +0000  14943 bytes for ./LaunchImage-Landscape@2x~ipad.png
2018-10-03 18:31:37 +0000  copying file ./AppIcon29x29@2x~ipad.png ... 
2018-10-03 18:31:37 +0000  6074 bytes for ./AppIcon29x29@2x~ipad.png
2018-10-03 18:31:37 +0000  copying file ./LaunchImage-700-Landscape@2x~ipad.png ... 
2018-10-03 18:31:37 +0000  14943 bytes for ./LaunchImage-700-Landscape@2x~ipad.png
2018-10-03 18:31:37 +0000  copying file ./AppIcon40x40~ipad.png ... 
2018-10-03 18:31:37 +0000  3606 bytes for ./AppIcon40x40~ipad.png
2018-10-03 18:31:37 +0000  copying file ./Frameworks/Vuforia.framework/_CodeSignature/CodeResources ... 
2018-10-03 18:31:37 +0000  2202 bytes for ./Frameworks/Vuforia.framework/_CodeSignature/CodeResources
2018-10-03 18:31:37 +0000  copying file ./Frameworks/Vuforia.framework/Vuforia ... 
2018-10-03 18:31:37 +0000  33200672 bytes for ./Frameworks/Vuforia.framework/Vuforia
2018-10-03 18:31:37 +0000  copying file ./Frameworks/Vuforia.framework/Info.plist ... 
2018-10-03 18:31:37 +0000  706 bytes for ./Frameworks/Vuforia.framework/Info.plist
2018-10-03 18:31:37 +0000  copying file ./AppIcon20x20~ipad.png ... 
2018-10-03 18:31:37 +0000  1272 bytes for ./AppIcon20x20~ipad.png
2018-10-03 18:31:37 +0000  copying file ./Vuforia/VuforiaMars_Object_OT.xml ... 
2018-10-03 18:31:37 +0000  239 bytes for ./Vuforia/VuforiaMars_Object_OT.xml
2018-10-03 18:31:37 +0000  copying file ./Vuforia/VuforiaMars_VuMark.xml ... 
2018-10-03 18:31:37 +0000  174 bytes for ./Vuforia/VuforiaMars_VuMark.xml
2018-10-03 18:31:37 +0000  copying file ./Vuforia/GHD_Vuforia.dat ... 
2018-10-03 18:31:37 +0000  733612 bytes for ./Vuforia/GHD_Vuforia.dat
2018-10-03 18:31:37 +0000  copying file ./Vuforia/VuforiaMars_Object_OT.dat ... 
2018-10-03 18:31:37 +0000  5612810 bytes for ./Vuforia/VuforiaMars_Object_OT.dat
2018-10-03 18:31:37 +0000  copying file ./Vuforia/VuforiaMars_VuMark.dat ... 
2018-10-03 18:31:37 +0000  36825 bytes for ./Vuforia/VuforiaMars_VuMark.dat
2018-10-03 18:31:37 +0000  copying file ./Vuforia/GHD_Vuforia.xml ... 
2018-10-03 18:31:37 +0000  1484 bytes for ./Vuforia/GHD_Vuforia.xml
2018-10-03 18:31:37 +0000  copying file ./Vuforia/VuforiaMars_ModelTarget.xml ... 
2018-10-03 18:31:37 +0000  574 bytes for ./Vuforia/VuforiaMars_ModelTarget.xml
2018-10-03 18:31:37 +0000  copying file ./Vuforia/VuforiaMars_ModelTarget.dat ... 
2018-10-03 18:31:37 +0000  1507487 bytes for ./Vuforia/VuforiaMars_ModelTarget.dat
2018-10-03 18:31:37 +0000  copying file ./Vuforia/VuforiaMars_Images.dat ... 
2018-10-03 18:31:37 +0000  801555 bytes for ./Vuforia/VuforiaMars_Images.dat
2018-10-03 18:31:37 +0000  copying file ./Vuforia/VuforiaMars_Images.xml ... 
2018-10-03 18:31:37 +0000  1512 bytes for ./Vuforia/VuforiaMars_Images.xml
copying file ./LaunchImage.png ... 
2018-10-03 18:31:37 +0000  1425 bytes for ./LaunchImage.png
2018-10-03 18:31:37 +0000  copying file ./embedded.mobileprovision ... 
2018-10-03 18:31:37 +0000  7557 bytes for ./embedded.mobileprovision
2018-10-03 18:31:37 +0000  copying file ./Data/Managed/Resources/mscorlib.dll-resources.dat ... 
2018-10-03 18:31:37 +0000  337563 bytes for ./Data/Managed/Resources/mscorlib.dll-resources.dat
2018-10-03 18:31:37 +0000  copying file ./Data/Managed/mono/2.0/machine.config ... 
2018-10-03 18:31:37 +0000  27625 bytes for ./Data/Managed/mono/2.0/machine.config
2018-10-03 18:31:37 +0000  copying file ./Data/Managed/mono/4.0/machine.config ... 
2018-10-03 18:31:37 +0000  33648 bytes for ./Data/Managed/mono/4.0/machine.config
2018-10-03 18:31:37 +0000  copying file ./Data/Managed/Metadata/global-metadata.dat ... 
2018-10-03 18:31:37 +0000  4605568 bytes for ./Data/Managed/Metadata/global-metadata.dat
2018-10-03 18:31:37 +0000  copying file ./Data/globalgamemanagers ... 
2018-10-03 18:31:37 +0000  70080 bytes for ./Data/globalgamemanagers
2018-10-03 18:31:37 +0000  copying file ./Data/boot.config ... 
2018-10-03 18:31:37 +0000  68 bytes for ./Data/boot.config
2018-10-03 18:31:37 +0000  copying file ./Data/resources.assets ... 
2018-10-03 18:31:37 +0000  218568 bytes for ./Data/resources.assets
2018-10-03 18:31:37 +0000  copying file ./Data/Resources/unity_builtin_extra ... 
2018-10-03 18:31:37 +0000  499216 bytes for ./Data/Resources/unity_builtin_extra
2018-10-03 18:31:37 +0000  copying file ./Data/unity default resources ... 
2018-10-03 18:31:37 +0000  6174708 bytes for ./Data/unity default resources
2018-10-03 18:31:37 +0000  copying file ./Data/sharedassets0.assets.resS ... 
2018-10-03 18:31:38 +0000  13007412 bytes for ./Data/sharedassets0.assets.resS
copying file ./Data/sharedassets0.assets ... 
2018-10-03 18:31:38 +0000  14991668 bytes for ./Data/sharedassets0.assets
2018-10-03 18:31:38 +0000  copying file ./Data/globalgamemanagers.assets.resS ... 
2018-10-03 18:31:38 +0000  2764800 bytes for ./Data/globalgamemanagers.assets.resS
2018-10-03 18:31:38 +0000  copying file ./Data/level0 ... 
53124 bytes for ./Data/level0
copying file ./Data/resources.assets.resS ... 
2018-10-03 18:31:38 +0000  174848 bytes for ./Data/resources.assets.resS
2018-10-03 18:31:38 +0000  copying file ./Data/Raw/Vuforia/VuforiaMars_Object_OT.xml ... 
2018-10-03 18:31:38 +0000  239 bytes for ./Data/Raw/Vuforia/VuforiaMars_Object_OT.xml
2018-10-03 18:31:38 +0000  copying file ./Data/Raw/Vuforia/VuforiaMars_VuMark.xml ... 
2018-10-03 18:31:38 +0000  174 bytes for ./Data/Raw/Vuforia/VuforiaMars_VuMark.xml
2018-10-03 18:31:38 +0000  copying file ./Data/Raw/Vuforia/GHD_Vuforia.dat ... 
2018-10-03 18:31:38 +0000  733612 bytes for ./Data/Raw/Vuforia/GHD_Vuforia.dat
2018-10-03 18:31:38 +0000  copying file ./Data/Raw/Vuforia/VuforiaMars_Object_OT.dat ... 
2018-10-03 18:31:38 +0000  5612810 bytes for ./Data/Raw/Vuforia/VuforiaMars_Object_OT.dat
2018-10-03 18:31:38 +0000  copying file ./Data/Raw/Vuforia/VuforiaMars_VuMark.dat ... 
36825 bytes for ./Data/Raw/Vuforia/VuforiaMars_VuMark.dat
copying file ./Data/Raw/Vuforia/GHD_Vuforia.xml ... 
2018-10-03 18:31:38 +0000  1484 bytes for ./Data/Raw/Vuforia/GHD_Vuforia.xml
2018-10-03 18:31:38 +0000  copying file ./Data/Raw/Vuforia/VuforiaMars_ModelTarget.xml ... 
2018-10-03 18:31:38 +0000  574 bytes for ./Data/Raw/Vuforia/VuforiaMars_ModelTarget.xml
2018-10-03 18:31:38 +0000  copying file ./Data/Raw/Vuforia/VuforiaMars_ModelTarget.dat ... 
2018-10-03 18:31:38 +0000  1507487 bytes for ./Data/Raw/Vuforia/VuforiaMars_ModelTarget.dat
copying file ./Data/Raw/Vuforia/VuforiaMars_Images.dat ... 
2018-10-03 18:31:38 +0000  801555 bytes for ./Data/Raw/Vuforia/VuforiaMars_Images.dat
2018-10-03 18:31:38 +0000  copying file ./Data/Raw/Vuforia/VuforiaMars_Images.xml ... 
2018-10-03 18:31:38 +0000  1512 bytes for ./Data/Raw/Vuforia/VuforiaMars_Images.xml
2018-10-03 18:31:38 +0000  copying file ./Data/globalgamemanagers.assets ... 
2018-10-03 18:31:38 +0000  157664 bytes for ./Data/globalgamemanagers.assets
2018-10-03 18:31:38 +0000  copying file ./LaunchImage-800-Landscape-736h@3x.png ... 
2018-10-03 18:31:38 +0000  12887 bytes for ./LaunchImage-800-Landscape-736h@3x.png
2018-10-03 18:31:38 +0000  copying file ./LaunchImage-700-Portrait@2x~ipad.png ... 
2018-10-03 18:31:38 +0000  15515 bytes for ./LaunchImage-700-Portrait@2x~ipad.png
2018-10-03 18:31:38 +0000  copying file ./LaunchImage-700-Landscape~ipad.png ... 
2018-10-03 18:31:38 +0000  4433 bytes for ./LaunchImage-700-Landscape~ipad.png
2018-10-03 18:31:38 +0000  copying file ./AppIcon20x20@2x~ipad.png ... 
2018-10-03 18:31:38 +0000  3606 bytes for ./AppIcon20x20@2x~ipad.png
2018-10-03 18:31:38 +0000  copying file ./Info.plist ... 
2018-10-03 18:31:38 +0000  2571 bytes for ./Info.plist
2018-10-03 18:31:38 +0000  copying file ./PkgInfo ... 
2018-10-03 18:31:38 +0000  8 bytes for ./PkgInfo
2018-10-03 18:31:38 +0000  copying file ./AppIcon76x76~ipad.png ... 
2018-10-03 18:31:38 +0000  9398 bytes for ./AppIcon76x76~ipad.png
2018-10-03 18:31:38 +0000  /usr/bin/ditto exited with 0
2018-10-03 18:31:38 +0000  Processing step: IDEDistributionEmbedProfileStep
2018-10-03 18:31:38 +0000  Skipping profile for item: <IDEDistributionItem: 0x7ff5003fa260 'com.vuforia.Vuforia' '<DVTFilePath:0x7ff4f9170880:'/Users/randy/Library/Developer/Xcode/Archives/2018-10-03/AR PopUp 2018-10-03, 2.28 PM.xcarchive/Products/Applications/PopUp.app/Frameworks/Vuforia.framework'>'>
2018-10-03 18:31:38 +0000  Processing step: IDEDistributionAppThinningPlistStep
2018-10-03 18:31:38 +0000  Skipping step: IDEDistributionAppThinningPlistStep because it said so
2018-10-03 18:31:38 +0000  Processing step: IDEDistributionCompileBitcodeStep
2018-10-03 18:31:38 +0000  Skipping step: IDEDistributionCompileBitcodeStep because it said so
2018-10-03 18:31:38 +0000  Processing step: IDEDistributionCodeSlimmingStep
2018-10-03 18:31:38 +0000  Processing step: IDEDistributionCopyBCSymbolMapsStep
2018-10-03 18:31:38 +0000  Skipping step: IDEDistributionCopyBCSymbolMapsStep because it said so
2018-10-03 18:31:38 +0000  Skipping step: IDEDistributionCopyBCSymbolMapsStep because it said so
2018-10-03 18:31:38 +0000  Processing step: IDEDistributionSymbolsStep
2018-10-03 18:31:38 +0000  Skipping step: IDEDistributionSymbolsStep because it said so
2018-10-03 18:31:38 +0000  Skipping step: IDEDistributionSymbolsStep because it said so
2018-10-03 18:31:38 +0000  Processing step: IDEDistributionAppThinningStep
2018-10-03 18:31:38 +0000  Skipping step: IDEDistributionAppThinningStep because it said so
2018-10-03 18:31:38 +0000  Processing step: IDEDistributionODRStep
2018-10-03 18:31:38 +0000  Processing step: IDEDistributionStripXattrsStep
2018-10-03 18:31:38 +0000  Skipping stripping extended attributes of item: <IDEDistributionItem: 0x7ff5003fa260 'com.vuforia.Vuforia' '<DVTFilePath:0x7ff4f9170880:'/Users/randy/Library/Developer/Xcode/Archives/2018-10-03/AR PopUp 2018-10-03, 2.28 PM.xcarchive/Products/Applications/PopUp.app/Frameworks/Vuforia.framework'>'>
2018-10-03 18:31:38 +0000  Running /usr/bin/xattr '-crs' '/var/folders/cw/_xtt51vd7pb0ftplv3b513q80000gr/T/XcodeDistPipeline.dqT/Root/Payload/PopUp.app'
2018-10-03 18:31:38 +0000  /usr/bin/xattr exited with 0
2018-10-03 18:31:38 +0000  Processing step: IDEDistributionCodesignStep
2018-10-03 18:31:38 +0000  Entitlements for <IDEDistributionItem: 0x7ff5003fa260 'com.vuforia.Vuforia' '<DVTFilePath:0x7ff4f9170880:'/Users/randy/Library/Developer/Xcode/Archives/2018-10-03/AR PopUp 2018-10-03, 2.28 PM.xcarchive/Products/Applications/PopUp.app/Frameworks/Vuforia.framework'>'>: {
}
2018-10-03 18:31:38 +0000  Writing entitlements for <IDEDistributionItem: 0x7ff5003fa260 'com.vuforia.Vuforia' '<DVTFilePath:0x7ff4f9170880:'/Users/randy/Library/Developer/Xcode/Archives/2018-10-03/AR PopUp 2018-10-03, 2.28 PM.xcarchive/Products/Applications/PopUp.app/Frameworks/Vuforia.framework'>'> to: /var/folders/cw/_xtt51vd7pb0ftplv3b513q80000gr/T/XcodeDistPipeline.dqT/entitlementsCexv4P
2018-10-03 18:31:38 +0000  Running /usr/bin/codesign '-vvv' '--force' '--sign' '508178640DF47433E576D2675B6C4C426D76A4A9' '--entitlements' '/var/folders/cw/_xtt51vd7pb0ftplv3b513q80000gr/T/XcodeDistPipeline.dqT/entitlementsCexv4P' '--preserve-metadata=identifier,flags,runtime' '/var/folders/cw/_xtt51vd7pb0ftplv3b513q80000gr/T/XcodeDistPipeline.dqT/Root/Payload/PopUp.app/Frameworks/Vuforia.framework'
2018-10-03 18:31:38 +0000  /var/folders/cw/_xtt51vd7pb0ftplv3b513q80000gr/T/XcodeDistPipeline.dqT/Root/Payload/PopUp.app/Frameworks/Vuforia.framework: replacing existing signature
2018-10-03 18:31:38 +0000  /var/folders/cw/_xtt51vd7pb0ftplv3b513q80000gr/T/XcodeDistPipeline.dqT/Root/Payload/PopUp.app/Frameworks/Vuforia.framework: signed bundle with Mach-O universal (armv7 arm64) [com.vuforia.Vuforia]
2018-10-03 18:31:38 +0000  /usr/bin/codesign exited with 0
2018-10-03 18:31:38 +0000  Entitlements for <IDEDistributionItem: 0x7ff4ff723d40 'com.GHD.CPPopUp' '<DVTFilePath:0x7ff50036af90:'/Users/randy/Library/Developer/Xcode/Archives/2018-10-03/AR PopUp 2018-10-03, 2.28 PM.xcarchive/Products/Applications/PopUp.app'>'>: {
    "application-identifier" = "4KR6S48UY5.com.GHD.CPPopUp";
    "com.apple.developer.team-identifier" = 4KR6S48UY5;
    "get-task-allow" = 0;
    "keychain-access-groups" =     (
        "4KR6S48UY5.com.GHD.CPPopUp"
    );
}
2018-10-03 18:31:38 +0000  Writing entitlements for <IDEDistributionItem: 0x7ff4ff723d40 'com.GHD.CPPopUp' '<DVTFilePath:0x7ff50036af90:'/Users/randy/Library/Developer/Xcode/Archives/2018-10-03/AR PopUp 2018-10-03, 2.28 PM.xcarchive/Products/Applications/PopUp.app'>'> to: /var/folders/cw/_xtt51vd7pb0ftplv3b513q80000gr/T/XcodeDistPipeline.dqT/entitlementsrmQIyI
2018-10-03 18:31:38 +0000  Running /usr/bin/codesign '-vvv' '--force' '--sign' '508178640DF47433E576D2675B6C4C426D76A4A9' '--entitlements' '/var/folders/cw/_xtt51vd7pb0ftplv3b513q80000gr/T/XcodeDistPipeline.dqT/entitlementsrmQIyI' '--preserve-metadata=identifier,flags,runtime' '/var/folders/cw/_xtt51vd7pb0ftplv3b513q80000gr/T/XcodeDistPipeline.dqT/Root/Payload/PopUp.app'
2018-10-03 18:31:39 +0000  /var/folders/cw/_xtt51vd7pb0ftplv3b513q80000gr/T/XcodeDistPipeline.dqT/Root/Payload/PopUp.app: replacing existing signature
2018-10-03 18:31:39 +0000  /var/folders/cw/_xtt51vd7pb0ftplv3b513q80000gr/T/XcodeDistPipeline.dqT/Root/Payload/PopUp.app: signed app bundle with Mach-O thin (arm64) [com.GHD.CPPopUp]
2018-10-03 18:31:39 +0000  /usr/bin/codesign exited with 0
2018-10-03 18:31:39 +0000  Processing step: IDEDistributionZipODRItemStep
2018-10-03 18:31:39 +0000  Skipping step: IDEDistributionZipODRItemStep because it said so
2018-10-03 18:31:39 +0000  Skipping step: IDEDistributionZipODRItemStep because it said so
2018-10-03 18:31:39 +0000  Processing step: IDEDistributionCreateIPAStep
2018-10-03 18:31:39 +0000  Running /usr/bin/ditto '-V' '-c' '-k' '--norsrc' '/var/folders/cw/_xtt51vd7pb0ftplv3b513q80000gr/T/XcodeDistPipeline.dqT/Root' '/var/folders/cw/_xtt51vd7pb0ftplv3b513q80000gr/T/XcodeDistPipeline.dqT/Packages/AR PopUp.ipa'
2018-10-03 18:31:39 +0000  >>> Copying /var/folders/cw/_xtt51vd7pb0ftplv3b513q80000gr/T/XcodeDistPipeline.dqT/Root 
2018-10-03 18:31:39 +0000  copying file ./Payload/PopUp.app/_CodeSignature/CodeResources ... 
2018-10-03 18:31:39 +0000  27881 bytes for ./Payload/PopUp.app/_CodeSignature/CodeResources
2018-10-03 18:31:39 +0000  copying file ./Payload/PopUp.app/LaunchImage-1100-Portrait-2436h@3x.png ... 
2018-10-03 18:31:39 +0000  14552 bytes for ./Payload/PopUp.app/LaunchImage-1100-Portrait-2436h@3x.png
copying file ./Payload/PopUp.app/LaunchImage@2x.png ... 
2018-10-03 18:31:39 +0000  3933 bytes for ./Payload/PopUp.app/LaunchImage@2x.png
copying file ./Payload/PopUp.app/AppIcon20x20@2x.png ... 
2018-10-03 18:31:39 +0000  3606 bytes for ./Payload/PopUp.app/AppIcon20x20@2x.png
2018-10-03 18:31:39 +0000  copying file ./Payload/PopUp.app/PopUp ... 
2018-10-03 18:31:40 +0000  28376032 bytes for ./Payload/PopUp.app/PopUp
copying file ./Payload/PopUp.app/LaunchScreen-iPhonePortrait.png ... 
2018-10-03 18:31:40 +0000  138 bytes for ./Payload/PopUp.app/LaunchScreen-iPhonePortrait.png
2018-10-03 18:31:40 +0000  copying file ./Payload/PopUp.app/LaunchScreen-iPhoneLandscape.png ... 
138 bytes for ./Payload/PopUp.app/LaunchScreen-iPhoneLandscape.png
copying file ./Payload/PopUp.app/AppIcon20x20@3x.png ... 
2018-10-03 18:31:40 +0000  6372 bytes for ./Payload/PopUp.app/AppIcon20x20@3x.png
2018-10-03 18:31:40 +0000  copying file ./Payload/PopUp.app/AppIcon29x29.png ... 
2018-10-03 18:31:40 +0000  2277 bytes for ./Payload/PopUp.app/AppIcon29x29.png
copying file ./Payload/PopUp.app/LaunchScreen-iPad.nib ... 
1443 bytes for ./Payload/PopUp.app/LaunchScreen-iPad.nib
copying file ./Payload/PopUp.app/LaunchImage-568h@2x.png ... 
2018-10-03 18:31:40 +0000  4617 bytes for ./Payload/PopUp.app/LaunchImage-568h@2x.png
copying file ./Payload/PopUp.app/LaunchScreen-iPhone.nib ... 
2018-10-03 18:31:40 +0000  1453 bytes for ./Payload/PopUp.app/LaunchScreen-iPhone.nib
copying file ./Payload/PopUp.app/AppIcon60x60@2x.png ... 
2018-10-03 18:31:40 +0000  17984 bytes for ./Payload/PopUp.app/AppIcon60x60@2x.png
2018-10-03 18:31:40 +0000  copying file ./Payload/PopUp.app/AppIcon29x29@2x.png ... 
2018-10-03 18:31:40 +0000  6074 bytes for ./Payload/PopUp.app/AppIcon29x29@2x.png
copying file ./Payload/PopUp.app/LaunchImage-1100-Landscape-2436h@3x.png ... 
2018-10-03 18:31:40 +0000  12707 bytes for ./Payload/PopUp.app/LaunchImage-1100-Landscape-2436h@3x.png
2018-10-03 18:31:40 +0000  copying file ./Payload/PopUp.app/LaunchImage-800-667h@2x.png ... 
2018-10-03 18:31:40 +0000  5949 bytes for ./Payload/PopUp.app/LaunchImage-800-667h@2x.png
copying file ./Payload/PopUp.app/LaunchImage-Portrait@2x~ipad.png ... 
2018-10-03 18:31:40 +0000  15515 bytes for ./Payload/PopUp.app/LaunchImage-Portrait@2x~ipad.png
copying file ./Payload/PopUp.app/AppIcon40x40@3x.png ... 
2018-10-03 18:31:40 +0000  17984 bytes for ./Payload/PopUp.app/AppIcon40x40@3x.png
2018-10-03 18:31:40 +0000  copying file ./Payload/PopUp.app/AppIcon29x29~ipad.png ... 
2018-10-03 18:31:40 +0000  2277 bytes for ./Payload/PopUp.app/AppIcon29x29~ipad.png
copying file ./Payload/PopUp.app/AppIcon40x40@2x.png ... 
2018-10-03 18:31:40 +0000  10012 bytes for ./Payload/PopUp.app/AppIcon40x40@2x.png
2018-10-03 18:31:40 +0000  copying file ./Payload/PopUp.app/LaunchImage-Portrait~ipad.png ... 
2018-10-03 18:31:40 +0000  4691 bytes for ./Payload/PopUp.app/LaunchImage-Portrait~ipad.png
copying file ./Payload/PopUp.app/AppIcon29x29@3x.png ... 
2018-10-03 18:31:40 +0000  11252 bytes for ./Payload/PopUp.app/AppIcon29x29@3x.png
2018-10-03 18:31:40 +0000  copying file ./Payload/PopUp.app/AppIcon60x60@3x.png ... 
2018-10-03 18:31:40 +0000  36804 bytes for ./Payload/PopUp.app/AppIcon60x60@3x.png
2018-10-03 18:31:40 +0000  copying file ./Payload/PopUp.app/LaunchScreen-iPad.png ... 
138 bytes for ./Payload/PopUp.app/LaunchScreen-iPad.png
2018-10-03 18:31:40 +0000  copying file ./Payload/PopUp.app/LaunchImage-Landscape~ipad.png ... 
2018-10-03 18:31:40 +0000  4433 bytes for ./Payload/PopUp.app/LaunchImage-Landscape~ipad.png
copying file ./Payload/PopUp.app/LaunchImage-700-Portrait~ipad.png ... 
2018-10-03 18:31:40 +0000  4691 bytes for ./Payload/PopUp.app/LaunchImage-700-Portrait~ipad.png
copying file ./Payload/PopUp.app/Assets.car ... 
2018-10-03 18:31:40 +0000  835208 bytes for ./Payload/PopUp.app/Assets.car
copying file ./Payload/PopUp.app/AppIcon40x40@2x~ipad.png ... 
2018-10-03 18:31:40 +0000  10012 bytes for ./Payload/PopUp.app/AppIcon40x40@2x~ipad.png
2018-10-03 18:31:40 +0000  copying file ./Payload/PopUp.app/AppIcon76x76@2x~ipad.png ... 
2018-10-03 18:31:40 +0000  27860 bytes for ./Payload/PopUp.app/AppIcon76x76@2x~ipad.png
2018-10-03 18:31:40 +0000  copying file ./Payload/PopUp.app/LaunchImage-800-Portrait-736h@3x.png ... 
2018-10-03 18:31:40 +0000  14196 bytes for ./Payload/PopUp.app/LaunchImage-800-Portrait-736h@3x.png
copying file ./Payload/PopUp.app/LaunchImage-700@2x.png ... 
2018-10-03 18:31:40 +0000  3933 bytes for ./Payload/PopUp.app/LaunchImage-700@2x.png
copying file ./Payload/PopUp.app/AppIcon83.5x83.5@2x~ipad.png ... 
2018-10-03 18:31:40 +0000  32323 bytes for ./Payload/PopUp.app/AppIcon83.5x83.5@2x~ipad.png
2018-10-03 18:31:40 +0000  copying file ./Payload/PopUp.app/LaunchImage-700-568h@2x.png ... 
4617 bytes for ./Payload/PopUp.app/LaunchImage-700-568h@2x.png
copying file ./Payload/PopUp.app/LaunchImage-Landscape@2x~ipad.png ... 
2018-10-03 18:31:40 +0000  14943 bytes for ./Payload/PopUp.app/LaunchImage-Landscape@2x~ipad.png
2018-10-03 18:31:40 +0000  copying file ./Payload/PopUp.app/AppIcon29x29@2x~ipad.png ... 
2018-10-03 18:31:40 +0000  6074 bytes for ./Payload/PopUp.app/AppIcon29x29@2x~ipad.png
copying file ./Payload/PopUp.app/LaunchImage-700-Landscape@2x~ipad.png ... 
2018-10-03 18:31:40 +0000  14943 bytes for ./Payload/PopUp.app/LaunchImage-700-Landscape@2x~ipad.png
copying file ./Payload/PopUp.app/AppIcon40x40~ipad.png ... 
2018-10-03 18:31:40 +0000  3606 bytes for ./Payload/PopUp.app/AppIcon40x40~ipad.png
2018-10-03 18:31:40 +0000  copying file ./Payload/PopUp.app/Frameworks/Vuforia.framework/_CodeSignature/CodeResources ... 
2018-10-03 18:31:40 +0000  2202 bytes for ./Payload/PopUp.app/Frameworks/Vuforia.framework/_CodeSignature/CodeResources
2018-10-03 18:31:40 +0000  copying file ./Payload/PopUp.app/Frameworks/Vuforia.framework/Vuforia ... 
2018-10-03 18:31:42 +0000  33200976 bytes for ./Payload/PopUp.app/Frameworks/Vuforia.framework/Vuforia
copying file ./Payload/PopUp.app/Frameworks/Vuforia.framework/Info.plist ... 
2018-10-03 18:31:42 +0000  706 bytes for ./Payload/PopUp.app/Frameworks/Vuforia.framework/Info.plist
copying file ./Payload/PopUp.app/AppIcon20x20~ipad.png ... 
2018-10-03 18:31:42 +0000  1272 bytes for ./Payload/PopUp.app/AppIcon20x20~ipad.png
2018-10-03 18:31:42 +0000  copying file ./Payload/PopUp.app/Vuforia/VuforiaMars_Object_OT.xml ... 
239 bytes for ./Payload/PopUp.app/Vuforia/VuforiaMars_Object_OT.xml
copying file ./Payload/PopUp.app/Vuforia/VuforiaMars_VuMark.xml ... 
2018-10-03 18:31:42 +0000  174 bytes for ./Payload/PopUp.app/Vuforia/VuforiaMars_VuMark.xml
copying file ./Payload/PopUp.app/Vuforia/GHD_Vuforia.dat ... 
2018-10-03 18:31:42 +0000  733612 bytes for ./Payload/PopUp.app/Vuforia/GHD_Vuforia.dat
2018-10-03 18:31:42 +0000  copying file ./Payload/PopUp.app/Vuforia/VuforiaMars_Object_OT.dat ... 
2018-10-03 18:31:42 +0000  5612810 bytes for ./Payload/PopUp.app/Vuforia/VuforiaMars_Object_OT.dat
2018-10-03 18:31:42 +0000  copying file ./Payload/PopUp.app/Vuforia/VuforiaMars_VuMark.dat ... 
2018-10-03 18:31:42 +0000  36825 bytes for ./Payload/PopUp.app/Vuforia/VuforiaMars_VuMark.dat
2018-10-03 18:31:42 +0000  copying file ./Payload/PopUp.app/Vuforia/GHD_Vuforia.xml ... 
1484 bytes for ./Payload/PopUp.app/Vuforia/GHD_Vuforia.xml
copying file ./Payload/PopUp.app/Vuforia/VuforiaMars_ModelTarget.xml ... 
2018-10-03 18:31:42 +0000  574 bytes for ./Payload/PopUp.app/Vuforia/VuforiaMars_ModelTarget.xml
copying file ./Payload/PopUp.app/Vuforia/VuforiaMars_ModelTarget.dat ... 
2018-10-03 18:31:42 +0000  1507487 bytes for ./Payload/PopUp.app/Vuforia/VuforiaMars_ModelTarget.dat
copying file ./Payload/PopUp.app/Vuforia/VuforiaMars_Images.dat ... 
2018-10-03 18:31:42 +0000  801555 bytes for ./Payload/PopUp.app/Vuforia/VuforiaMars_Images.dat
copying file ./Payload/PopUp.app/Vuforia/VuforiaMars_Images.xml ... 
2018-10-03 18:31:42 +0000  1512 bytes for ./Payload/PopUp.app/Vuforia/VuforiaMars_Images.xml
2018-10-03 18:31:42 +0000  copying file ./Payload/PopUp.app/LaunchImage.png ... 
1425 bytes for ./Payload/PopUp.app/LaunchImage.png
copying file ./Payload/PopUp.app/embedded.mobileprovision ... 
2018-10-03 18:31:42 +0000  7557 bytes for ./Payload/PopUp.app/embedded.mobileprovision
2018-10-03 18:31:42 +0000  copying file ./Payload/PopUp.app/Data/Managed/Resources/mscorlib.dll-resources.dat ... 
2018-10-03 18:31:42 +0000  337563 bytes for ./Payload/PopUp.app/Data/Managed/Resources/mscorlib.dll-resources.dat
2018-10-03 18:31:42 +0000  copying file ./Payload/PopUp.app/Data/Managed/mono/2.0/machine.config ... 
2018-10-03 18:31:42 +0000  27625 bytes for ./Payload/PopUp.app/Data/Managed/mono/2.0/machine.config
2018-10-03 18:31:42 +0000  copying file ./Payload/PopUp.app/Data/Managed/mono/4.0/machine.config ... 
2018-10-03 18:31:42 +0000  33648 bytes for ./Payload/PopUp.app/Data/Managed/mono/4.0/machine.config
2018-10-03 18:31:42 +0000  copying file ./Payload/PopUp.app/Data/Managed/Metadata/global-metadata.dat ... 
2018-10-03 18:31:42 +0000  4605568 bytes for ./Payload/PopUp.app/Data/Managed/Metadata/global-metadata.dat
2018-10-03 18:31:42 +0000  copying file ./Payload/PopUp.app/Data/globalgamemanagers ... 
2018-10-03 18:31:42 +0000  70080 bytes for ./Payload/PopUp.app/Data/globalgamemanagers
copying file ./Payload/PopUp.app/Data/boot.config ... 
2018-10-03 18:31:42 +0000  68 bytes for ./Payload/PopUp.app/Data/boot.config
copying file ./Payload/PopUp.app/Data/resources.assets ... 
2018-10-03 18:31:42 +0000  218568 bytes for ./Payload/PopUp.app/Data/resources.assets
2018-10-03 18:31:42 +0000  copying file ./Payload/PopUp.app/Data/Resources/unity_builtin_extra ... 
2018-10-03 18:31:42 +0000  499216 bytes for ./Payload/PopUp.app/Data/Resources/unity_builtin_extra
2018-10-03 18:31:42 +0000  copying file ./Payload/PopUp.app/Data/unity default resources ... 
2018-10-03 18:31:42 +0000  6174708 bytes for ./Payload/PopUp.app/Data/unity default resources
2018-10-03 18:31:42 +0000  copying file ./Payload/PopUp.app/Data/sharedassets0.assets.resS ... 
2018-10-03 18:31:43 +0000  13007412 bytes for ./Payload/PopUp.app/Data/sharedassets0.assets.resS
copying file ./Payload/PopUp.app/Data/sharedassets0.assets ... 
2018-10-03 18:31:43 +0000  14991668 bytes for ./Payload/PopUp.app/Data/sharedassets0.assets
copying file ./Payload/PopUp.app/Data/globalgamemanagers.assets.resS ... 
2018-10-03 18:31:44 +0000  2764800 bytes for ./Payload/PopUp.app/Data/globalgamemanagers.assets.resS
2018-10-03 18:31:44 +0000  copying file ./Payload/PopUp.app/Data/level0 ... 
2018-10-03 18:31:44 +0000  53124 bytes for ./Payload/PopUp.app/Data/level0
2018-10-03 18:31:44 +0000  copying file ./Payload/PopUp.app/Data/resources.assets.resS ... 
2018-10-03 18:31:44 +0000  174848 bytes for ./Payload/PopUp.app/Data/resources.assets.resS
2018-10-03 18:31:44 +0000  copying file ./Payload/PopUp.app/Data/Raw/Vuforia/VuforiaMars_Object_OT.xml ... 
2018-10-03 18:31:44 +0000  239 bytes for ./Payload/PopUp.app/Data/Raw/Vuforia/VuforiaMars_Object_OT.xml
copying file ./Payload/PopUp.app/Data/Raw/Vuforia/VuforiaMars_VuMark.xml ... 
2018-10-03 18:31:44 +0000  174 bytes for ./Payload/PopUp.app/Data/Raw/Vuforia/VuforiaMars_VuMark.xml
copying file ./Payload/PopUp.app/Data/Raw/Vuforia/GHD_Vuforia.dat ... 
2018-10-03 18:31:44 +0000  733612 bytes for ./Payload/PopUp.app/Data/Raw/Vuforia/GHD_Vuforia.dat
2018-10-03 18:31:44 +0000  copying file ./Payload/PopUp.app/Data/Raw/Vuforia/VuforiaMars_Object_OT.dat ... 
2018-10-03 18:31:44 +0000  5612810 bytes for ./Payload/PopUp.app/Data/Raw/Vuforia/VuforiaMars_Object_OT.dat
copying file ./Payload/PopUp.app/Data/Raw/Vuforia/VuforiaMars_VuMark.dat ... 
2018-10-03 18:31:44 +0000  36825 bytes for ./Payload/PopUp.app/Data/Raw/Vuforia/VuforiaMars_VuMark.dat
copying file ./Payload/PopUp.app/Data/Raw/Vuforia/GHD_Vuforia.xml ... 
2018-10-03 18:31:44 +0000  1484 bytes for ./Payload/PopUp.app/Data/Raw/Vuforia/GHD_Vuforia.xml
copying file ./Payload/PopUp.app/Data/Raw/Vuforia/VuforiaMars_ModelTarget.xml ... 
2018-10-03 18:31:44 +0000  574 bytes for ./Payload/PopUp.app/Data/Raw/Vuforia/VuforiaMars_ModelTarget.xml
copying file ./Payload/PopUp.app/Data/Raw/Vuforia/VuforiaMars_ModelTarget.dat ... 
2018-10-03 18:31:44 +0000  1507487 bytes for ./Payload/PopUp.app/Data/Raw/Vuforia/VuforiaMars_ModelTarget.dat
copying file ./Payload/PopUp.app/Data/Raw/Vuforia/VuforiaMars_Images.dat ... 
2018-10-03 18:31:44 +0000  801555 bytes for ./Payload/PopUp.app/Data/Raw/Vuforia/VuforiaMars_Images.dat
copying file ./Payload/PopUp.app/Data/Raw/Vuforia/VuforiaMars_Images.xml ... 
2018-10-03 18:31:44 +0000  1512 bytes for ./Payload/PopUp.app/Data/Raw/Vuforia/VuforiaMars_Images.xml
copying file ./Payload/PopUp.app/Data/globalgamemanagers.assets ... 
2018-10-03 18:31:44 +0000  157664 bytes for ./Payload/PopUp.app/Data/globalgamemanagers.assets
2018-10-03 18:31:44 +0000  copying file ./Payload/PopUp.app/LaunchImage-800-Landscape-736h@3x.png ... 
2018-10-03 18:31:44 +0000  12887 bytes for ./Payload/PopUp.app/LaunchImage-800-Landscape-736h@3x.png
copying file ./Payload/PopUp.app/LaunchImage-700-Portrait@2x~ipad.png ... 
2018-10-03 18:31:44 +0000  15515 bytes for ./Payload/PopUp.app/LaunchImage-700-Portrait@2x~ipad.png
copying file ./Payload/PopUp.app/LaunchImage-700-Landscape~ipad.png ... 
2018-10-03 18:31:44 +0000  4433 bytes for ./Payload/PopUp.app/LaunchImage-700-Landscape~ipad.png
copying file ./Payload/PopUp.app/AppIcon20x20@2x~ipad.png ... 
2018-10-03 18:31:44 +0000  3606 bytes for ./Payload/PopUp.app/AppIcon20x20@2x~ipad.png
copying file ./Payload/PopUp.app/Info.plist ... 
2018-10-03 18:31:44 +0000  2571 bytes for ./Payload/PopUp.app/Info.plist
2018-10-03 18:31:44 +0000  copying file ./Payload/PopUp.app/PkgInfo ... 
8 bytes for ./Payload/PopUp.app/PkgInfo
copying file ./Payload/PopUp.app/AppIcon76x76~ipad.png ... 
2018-10-03 18:31:44 +0000  9398 bytes for ./Payload/PopUp.app/AppIcon76x76~ipad.png
2018-10-03 18:31:44 +0000  /usr/bin/ditto exited with 0
2018-10-03 18:31:44 +0000  Processing step: IDEDistributionAppStoreInformationStep
2018-10-03 18:31:44 +0000  Skipping step: IDEDistributionAppStoreInformationStep because it said so
2018-10-03 18:31:44 +0000  Processing step: IDEDistributionCreateManifestStep
