2018-10-03 16:59:36 +0000  Initial pipeline context: <IDEDistributionProcessingPipelineContext: 0x7ff4fb419d40; archive(resolved)='<IDEArchive: 0x7ff514f62900>', distributionTask(resolved)='2', distributionDestination(resolved)='1', distributionMethod(resolved)='<IDEDistributionMethodDevelopmentSigned: 0x7ff51485c0d0>', team(resolved)='<IDEProvisioningDisambiguatableBasicTeam: 0x7ff515a89f60; teamID='4KR6S48UY5', teamName='GHD Limited (CA)', teamType='Company', username='randy95nguyen@gmail.com', isFreeProvisioningTeam='0'>'>
	Chain (12, self inclusive):
	<IDEDistributionProcessingPipelineContext: 0x7ff4fb419d40; archive = '<IDEArchive: 0x7ff514f62900>', distributionMethod='<IDEDistributionMethodDevelopmentSigned: 0x7ff51485c0d0>', team='<IDEProvisioningDisambiguatableBasicTeam: 0x7ff515a89f60; teamID='4KR6S48UY5', teamName='GHD Limited (CA)', teamType='Company', username='randy95nguyen@gmail.com', isFreeProvisioningTeam='0'>'>
	<IDEDistributionProcessingPipelineContext: 0x7ff51031e230; archive = '<IDEArchive: 0x7ff514f62900>', distributionMethod='<IDEDistributionMethodDevelopmentSigned: 0x7ff51485c0d0>', team='<IDEProvisioningDisambiguatableBasicTeam: 0x7ff515a89f60; teamID='4KR6S48UY5', teamName='GHD Limited (CA)', teamType='Company', username='randy95nguyen@gmail.com', isFreeProvisioningTeam='0'>'>
	<IDEDistributionContext: 0x7ff4f8a31830; archive = '<IDEArchive: 0x7ff514f62900>', distributionMethod='<IDEDistributionMethodDevelopmentSigned: 0x7ff51485c0d0>', team='<IDEProvisioningDisambiguatableBasicTeam: 0x7ff515a89f60; teamID='4KR6S48UY5', teamName='GHD Limited (CA)', teamType='Company', username='randy95nguyen@gmail.com', isFreeProvisioningTeam='0'>'>
	<IDEDistributionContext: 0x7ff5110bccd0; archive = '<IDEArchive: 0x7ff514f62900>', distributionMethod='<IDEDistributionMethodDevelopmentSigned: 0x7ff51485c0d0>', team='<IDEProvisioningDisambiguatableBasicTeam: 0x7ff515a89f60; teamID='4KR6S48UY5', teamName='GHD Limited (CA)', teamType='Company', username='randy95nguyen@gmail.com', isFreeProvisioningTeam='0'>'>
	<IDEDistributionContext: 0x7ff4f8a38600; archive = '<IDEArchive: 0x7ff514f62900>', distributionMethod='<IDEDistributionMethodDevelopmentSigned: 0x7ff51485c0d0>', team='<IDEProvisioningDisambiguatableBasicTeam: 0x7ff515a89f60; teamID='4KR6S48UY5', teamName='GHD Limited (CA)', teamType='Company', username='randy95nguyen@gmail.com', isFreeProvisioningTeam='0'>'>
	<IDEDistributionContext: 0x7ff4f8a6b740; archive = '<IDEArchive: 0x7ff514f62900>', distributionMethod='<IDEDistributionMethodDevelopmentSigned: 0x7ff51485c0d0>', team='<IDEProvisioningDisambiguatableBasicTeam: 0x7ff515a89f60; teamID='4KR6S48UY5', teamName='GHD Limited (CA)', teamType='Company', username='randy95nguyen@gmail.com', isFreeProvisioningTeam='0'>'>
	<IDEDistributionContext: 0x7ff4f8cf82d0; archive = '<IDEArchive: 0x7ff514f62900>', distributionMethod='<IDEDistributionMethodDevelopmentSigned: 0x7ff51485c0d0>', team='<IDEProvisioningDisambiguatableBasicTeam: 0x7ff515a89f60; teamID='4KR6S48UY5', teamName='GHD Limited (CA)', teamType='Company', username='randy95nguyen@gmail.com', isFreeProvisioningTeam='0'>'>
	<IDEDistributionContext: 0x7ff4f8c710f0; archive = '<IDEArchive: 0x7ff514f62900>', distributionMethod='<IDEDistributionMethodDevelopmentSigned: 0x7ff51485c0d0>', team='<IDEProvisioningDisambiguatableBasicTeam: 0x7ff515a89f60; teamID='4KR6S48UY5', teamName='GHD Limited (CA)', teamType='Company', username='randy95nguyen@gmail.com', isFreeProvisioningTeam='0'>'>
	<IDEDistributionContext: 0x7ff4f8a5ea30; archive = '<IDEArchive: 0x7ff514f62900>', distributionMethod='<IDEDistributionMethodDevelopmentSigned: 0x7ff51485c0d0>', team='<IDEProvisioningDisambiguatableBasicTeam: 0x7ff515a89f60; teamID='4KR6S48UY5', teamName='GHD Limited (CA)', teamType='Company', username='randy95nguyen@gmail.com', isFreeProvisioningTeam='0'>'>
	<IDEDistributionContext: 0x7ff4f89e8870; archive = '<IDEArchive: 0x7ff514f62900>', distributionMethod='<IDEDistributionMethodDevelopmentSigned: 0x7ff51485c0d0>', team='(null)'>
	<IDEDistributionContext: 0x7ff4f91303c0; archive = '<IDEArchive: 0x7ff514f62900>', distributionMethod='<IDEDistributionMethodDevelopmentSigned: 0x7ff51485c0d0>', team='(null)'>
	<IDEDistributionContext: 0x7ff50f0925a0; archive = '<IDEArchive: 0x7ff514f62900>', distributionMethod='(null)', team='(null)'>
</IDEDistributionProcessingPipelineContext: 0x7ff4fb419d40>
2018-10-03 16:59:36 +0000  Processing step: IDEDistributionCreateDestRootStep
2018-10-03 16:59:36 +0000  Processing step: IDEDistributionCopyItemStep
2018-10-03 16:59:36 +0000  Running /usr/bin/ditto '-V' '/Users/randy/Library/Developer/Xcode/Archives/2018-10-02/AR PopUp v1.7.0 2018-10-02, 4.48 PM.xcarchive/Products/Applications/PopUp.app' '/var/folders/cw/_xtt51vd7pb0ftplv3b513q80000gr/T/XcodeDistPipeline.1aN/Root/Payload/PopUp.app'
2018-10-03 16:59:36 +0000  >>> Copying /Users/randy/Library/Developer/Xcode/Archives/2018-10-02/AR PopUp v1.7.0 2018-10-02, 4.48 PM.xcarchive/Products/Applications/PopUp.app 
2018-10-03 16:59:36 +0000  copying file ./_CodeSignature/CodeResources ... 
2018-10-03 16:59:36 +0000  28171 bytes for ./_CodeSignature/CodeResources
2018-10-03 16:59:36 +0000  copying file ./LaunchImage-1100-Portrait-2436h@3x.png ... 
2018-10-03 16:59:36 +0000  14552 bytes for ./LaunchImage-1100-Portrait-2436h@3x.png
2018-10-03 16:59:36 +0000  copying file ./LaunchImage@2x.png ... 
2018-10-03 16:59:36 +0000  3933 bytes for ./LaunchImage@2x.png
copying file ./AppIcon20x20@2x.png ... 
2018-10-03 16:59:36 +0000  2102 bytes for ./AppIcon20x20@2x.png
2018-10-03 16:59:36 +0000  copying file ./PopUp ... 
2018-10-03 16:59:36 +0000  29110128 bytes for ./PopUp
2018-10-03 16:59:36 +0000  copying file ./LaunchScreen-iPhonePortrait.png ... 
2018-10-03 16:59:36 +0000  138 bytes for ./LaunchScreen-iPhonePortrait.png
2018-10-03 16:59:36 +0000  copying file ./LaunchScreen-iPhoneLandscape.png ... 
2018-10-03 16:59:36 +0000  138 bytes for ./LaunchScreen-iPhoneLandscape.png
2018-10-03 16:59:36 +0000  copying file ./AppIcon20x20@3x.png ... 
2018-10-03 16:59:36 +0000  3280 bytes for ./AppIcon20x20@3x.png
2018-10-03 16:59:36 +0000  copying file ./AppIcon29x29.png ... 
2018-10-03 16:59:36 +0000  1526 bytes for ./AppIcon29x29.png
2018-10-03 16:59:36 +0000  copying file ./LaunchScreen-iPad.nib ... 
2018-10-03 16:59:36 +0000  1443 bytes for ./LaunchScreen-iPad.nib
2018-10-03 16:59:36 +0000  copying file ./LaunchImage-568h@2x.png ... 
2018-10-03 16:59:36 +0000  4617 bytes for ./LaunchImage-568h@2x.png
copying file ./LaunchScreen-iPhone.nib ... 
2018-10-03 16:59:36 +0000  1453 bytes for ./LaunchScreen-iPhone.nib
2018-10-03 16:59:36 +0000  copying file ./AppIcon60x60@2x.png ... 
2018-10-03 16:59:36 +0000  7964 bytes for ./AppIcon60x60@2x.png
2018-10-03 16:59:36 +0000  copying file ./AppIcon29x29@2x.png ... 
2018-10-03 16:59:36 +0000  3169 bytes for ./AppIcon29x29@2x.png
2018-10-03 16:59:36 +0000  copying file ./LaunchImage-1100-Landscape-2436h@3x.png ... 
2018-10-03 16:59:36 +0000  12707 bytes for ./LaunchImage-1100-Landscape-2436h@3x.png
2018-10-03 16:59:36 +0000  copying file ./LaunchImage-800-667h@2x.png ... 
2018-10-03 16:59:36 +0000  5949 bytes for ./LaunchImage-800-667h@2x.png
2018-10-03 16:59:36 +0000  copying file ./LaunchImage-Portrait@2x~ipad.png ... 
2018-10-03 16:59:36 +0000  15515 bytes for ./LaunchImage-Portrait@2x~ipad.png
2018-10-03 16:59:36 +0000  copying file ./AppIcon40x40@3x.png ... 
2018-10-03 16:59:36 +0000  7964 bytes for ./AppIcon40x40@3x.png
2018-10-03 16:59:36 +0000  copying file ./AppIcon29x29~ipad.png ... 
2018-10-03 16:59:36 +0000  1526 bytes for ./AppIcon29x29~ipad.png
2018-10-03 16:59:36 +0000  copying file ./AppIcon40x40@2x.png ... 
2018-10-03 16:59:36 +0000  4699 bytes for ./AppIcon40x40@2x.png
2018-10-03 16:59:36 +0000  copying file ./LaunchImage-Portrait~ipad.png ... 
2018-10-03 16:59:36 +0000  4691 bytes for ./LaunchImage-Portrait~ipad.png
2018-10-03 16:59:36 +0000  copying file ./AppIcon29x29@3x.png ... 
2018-10-03 16:59:36 +0000  5166 bytes for ./AppIcon29x29@3x.png
copying file ./AppIcon60x60@3x.png ... 
2018-10-03 16:59:36 +0000  14674 bytes for ./AppIcon60x60@3x.png
2018-10-03 16:59:36 +0000  copying file ./LaunchScreen-iPad.png ... 
2018-10-03 16:59:36 +0000  138 bytes for ./LaunchScreen-iPad.png
copying file ./LaunchImage-Landscape~ipad.png ... 
2018-10-03 16:59:36 +0000  4433 bytes for ./LaunchImage-Landscape~ipad.png
2018-10-03 16:59:36 +0000  copying file ./LaunchImage-700-Portrait~ipad.png ... 
2018-10-03 16:59:36 +0000  4691 bytes for ./LaunchImage-700-Portrait~ipad.png
2018-10-03 16:59:36 +0000  copying file ./Assets.car ... 
2018-10-03 16:59:36 +0000  374840 bytes for ./Assets.car
2018-10-03 16:59:36 +0000  copying file ./AppIcon40x40@2x~ipad.png ... 
2018-10-03 16:59:36 +0000  4699 bytes for ./AppIcon40x40@2x~ipad.png
2018-10-03 16:59:36 +0000  copying file ./AppIcon76x76@2x~ipad.png ... 
2018-10-03 16:59:36 +0000  11301 bytes for ./AppIcon76x76@2x~ipad.png
2018-10-03 16:59:36 +0000  copying file ./LaunchImage-800-Portrait-736h@3x.png ... 
2018-10-03 16:59:36 +0000  14196 bytes for ./LaunchImage-800-Portrait-736h@3x.png
2018-10-03 16:59:36 +0000  copying file ./LaunchImage-700@2x.png ... 
2018-10-03 16:59:36 +0000  3933 bytes for ./LaunchImage-700@2x.png
2018-10-03 16:59:36 +0000  copying file ./AppIcon83.5x83.5@2x~ipad.png ... 
2018-10-03 16:59:36 +0000  13192 bytes for ./AppIcon83.5x83.5@2x~ipad.png
2018-10-03 16:59:36 +0000  copying file ./LaunchImage-700-568h@2x.png ... 
2018-10-03 16:59:36 +0000  4617 bytes for ./LaunchImage-700-568h@2x.png
2018-10-03 16:59:36 +0000  copying file ./LaunchImage-Landscape@2x~ipad.png ... 
2018-10-03 16:59:36 +0000  14943 bytes for ./LaunchImage-Landscape@2x~ipad.png
2018-10-03 16:59:36 +0000  copying file ./AppIcon29x29@2x~ipad.png ... 
2018-10-03 16:59:36 +0000  3169 bytes for ./AppIcon29x29@2x~ipad.png
2018-10-03 16:59:36 +0000  copying file ./LaunchImage-700-Landscape@2x~ipad.png ... 
2018-10-03 16:59:36 +0000  14943 bytes for ./LaunchImage-700-Landscape@2x~ipad.png
2018-10-03 16:59:36 +0000  copying file ./AppIcon40x40~ipad.png ... 
2018-10-03 16:59:36 +0000  2102 bytes for ./AppIcon40x40~ipad.png
2018-10-03 16:59:36 +0000  copying file ./Frameworks/Vuforia.framework/_CodeSignature/CodeResources ... 
2018-10-03 16:59:36 +0000  2202 bytes for ./Frameworks/Vuforia.framework/_CodeSignature/CodeResources
2018-10-03 16:59:36 +0000  copying file ./Frameworks/Vuforia.framework/Vuforia ... 
2018-10-03 16:59:36 +0000  33200656 bytes for ./Frameworks/Vuforia.framework/Vuforia
2018-10-03 16:59:36 +0000  copying file ./Frameworks/Vuforia.framework/Info.plist ... 
706 bytes for ./Frameworks/Vuforia.framework/Info.plist
copying file ./AppIcon20x20~ipad.png ... 
970 bytes for ./AppIcon20x20~ipad.png
copying file ./Vuforia/VuforiaMars_Object_OT.xml ... 
239 bytes for ./Vuforia/VuforiaMars_Object_OT.xml
copying file ./Vuforia/VuforiaMars_VuMark.xml ... 
2018-10-03 16:59:36 +0000  174 bytes for ./Vuforia/VuforiaMars_VuMark.xml
2018-10-03 16:59:36 +0000  copying file ./Vuforia/GHD_Vuforia.dat ... 
2018-10-03 16:59:36 +0000  1020759 bytes for ./Vuforia/GHD_Vuforia.dat
2018-10-03 16:59:36 +0000  copying file ./Vuforia/VuforiaMars_Object_OT.dat ... 
2018-10-03 16:59:36 +0000  5612810 bytes for ./Vuforia/VuforiaMars_Object_OT.dat
2018-10-03 16:59:36 +0000  copying file ./Vuforia/VuforiaMars_VuMark.dat ... 
36825 bytes for ./Vuforia/VuforiaMars_VuMark.dat
copying file ./Vuforia/GHD_Vuforia.xml ... 
1981 bytes for ./Vuforia/GHD_Vuforia.xml
copying file ./Vuforia/VuforiaMars_ModelTarget.xml ... 
574 bytes for ./Vuforia/VuforiaMars_ModelTarget.xml
copying file ./Vuforia/VuforiaMars_ModelTarget.dat ... 
2018-10-03 16:59:36 +0000  1507487 bytes for ./Vuforia/VuforiaMars_ModelTarget.dat
2018-10-03 16:59:36 +0000  copying file ./Vuforia/VuforiaMars_Images.dat ... 
2018-10-03 16:59:36 +0000  801555 bytes for ./Vuforia/VuforiaMars_Images.dat
2018-10-03 16:59:36 +0000  copying file ./Vuforia/VuforiaMars_Images.xml ... 
2018-10-03 16:59:36 +0000  1512 bytes for ./Vuforia/VuforiaMars_Images.xml
copying file ./LaunchImage.png ... 
2018-10-03 16:59:36 +0000  1425 bytes for ./LaunchImage.png
2018-10-03 16:59:36 +0000  copying file ./embedded.mobileprovision ... 
2018-10-03 16:59:36 +0000  9500 bytes for ./embedded.mobileprovision
2018-10-03 16:59:36 +0000  copying file ./Data/Managed/Resources/mscorlib.dll-resources.dat ... 
2018-10-03 16:59:36 +0000  337563 bytes for ./Data/Managed/Resources/mscorlib.dll-resources.dat
2018-10-03 16:59:36 +0000  copying file ./Data/Managed/mono/2.0/machine.config ... 
2018-10-03 16:59:36 +0000  27625 bytes for ./Data/Managed/mono/2.0/machine.config
2018-10-03 16:59:36 +0000  copying file ./Data/Managed/mono/4.0/machine.config ... 
2018-10-03 16:59:36 +0000  33648 bytes for ./Data/Managed/mono/4.0/machine.config
2018-10-03 16:59:36 +0000  copying file ./Data/Managed/Metadata/global-metadata.dat ... 
2018-10-03 16:59:36 +0000  4741324 bytes for ./Data/Managed/Metadata/global-metadata.dat
2018-10-03 16:59:36 +0000  copying file ./Data/globalgamemanagers ... 
72824 bytes for ./Data/globalgamemanagers
copying file ./Data/boot.config ... 
68 bytes for ./Data/boot.config
copying file ./Data/resources.assets ... 
218568 bytes for ./Data/resources.assets
copying file ./Data/Resources/unity_builtin_extra ... 
2018-10-03 16:59:36 +0000  893568 bytes for ./Data/Resources/unity_builtin_extra
2018-10-03 16:59:36 +0000  copying file ./Data/unity default resources ... 
2018-10-03 16:59:36 +0000  6174708 bytes for ./Data/unity default resources
2018-10-03 16:59:36 +0000  copying file ./Data/sharedassets0.assets.resS ... 
2018-10-03 16:59:36 +0000  70349624 bytes for ./Data/sharedassets0.assets.resS
2018-10-03 16:59:36 +0000  copying file ./Data/sharedassets0.assets ... 
2018-10-03 16:59:36 +0000  59253052 bytes for ./Data/sharedassets0.assets
2018-10-03 16:59:36 +0000  copying file ./Data/globalgamemanagers.assets.resS ... 
2018-10-03 16:59:36 +0000  2764800 bytes for ./Data/globalgamemanagers.assets.resS
2018-10-03 16:59:36 +0000  copying file ./Data/level0.resS ... 
2018-10-03 16:59:36 +0000  961192 bytes for ./Data/level0.resS
copying file ./Data/level0 ... 
2018-10-03 16:59:36 +0000  5330308 bytes for ./Data/level0
2018-10-03 16:59:36 +0000  copying file ./Data/resources.assets.resS ... 
174848 bytes for ./Data/resources.assets.resS
copying file ./Data/Raw/Vuforia/VuforiaMars_Object_OT.xml ... 
2018-10-03 16:59:36 +0000  239 bytes for ./Data/Raw/Vuforia/VuforiaMars_Object_OT.xml
copying file ./Data/Raw/Vuforia/VuforiaMars_VuMark.xml ... 
2018-10-03 16:59:36 +0000  174 bytes for ./Data/Raw/Vuforia/VuforiaMars_VuMark.xml
2018-10-03 16:59:36 +0000  copying file ./Data/Raw/Vuforia/GHD_Vuforia.dat ... 
2018-10-03 16:59:36 +0000  1020759 bytes for ./Data/Raw/Vuforia/GHD_Vuforia.dat
2018-10-03 16:59:36 +0000  copying file ./Data/Raw/Vuforia/VuforiaMars_Object_OT.dat ... 
2018-10-03 16:59:36 +0000  5612810 bytes for ./Data/Raw/Vuforia/VuforiaMars_Object_OT.dat
2018-10-03 16:59:36 +0000  copying file ./Data/Raw/Vuforia/VuforiaMars_VuMark.dat ... 
2018-10-03 16:59:36 +0000  36825 bytes for ./Data/Raw/Vuforia/VuforiaMars_VuMark.dat
2018-10-03 16:59:36 +0000  copying file ./Data/Raw/Vuforia/GHD_Vuforia.xml ... 
2018-10-03 16:59:36 +0000  1981 bytes for ./Data/Raw/Vuforia/GHD_Vuforia.xml
2018-10-03 16:59:36 +0000  copying file ./Data/Raw/Vuforia/VuforiaMars_ModelTarget.xml ... 
2018-10-03 16:59:36 +0000  574 bytes for ./Data/Raw/Vuforia/VuforiaMars_ModelTarget.xml
2018-10-03 16:59:36 +0000  copying file ./Data/Raw/Vuforia/VuforiaMars_ModelTarget.dat ... 
2018-10-03 16:59:36 +0000  1507487 bytes for ./Data/Raw/Vuforia/VuforiaMars_ModelTarget.dat
2018-10-03 16:59:36 +0000  copying file ./Data/Raw/Vuforia/VuforiaMars_Images.dat ... 
2018-10-03 16:59:36 +0000  801555 bytes for ./Data/Raw/Vuforia/VuforiaMars_Images.dat
copying file ./Data/Raw/Vuforia/VuforiaMars_Images.xml ... 
1512 bytes for ./Data/Raw/Vuforia/VuforiaMars_Images.xml
copying file ./Data/globalgamemanagers.assets ... 
2018-10-03 16:59:36 +0000  165352 bytes for ./Data/globalgamemanagers.assets
2018-10-03 16:59:36 +0000  copying file ./LaunchImage-800-Landscape-736h@3x.png ... 
2018-10-03 16:59:36 +0000  12887 bytes for ./LaunchImage-800-Landscape-736h@3x.png
copying file ./LaunchImage-700-Portrait@2x~ipad.png ... 
15515 bytes for ./LaunchImage-700-Portrait@2x~ipad.png
copying file ./LaunchImage-700-Landscape~ipad.png ... 
4433 bytes for ./LaunchImage-700-Landscape~ipad.png
copying file ./AppIcon20x20@2x~ipad.png ... 
2018-10-03 16:59:36 +0000  2102 bytes for ./AppIcon20x20@2x~ipad.png
copying file ./Info.plist ... 
2018-10-03 16:59:36 +0000  2575 bytes for ./Info.plist
2018-10-03 16:59:36 +0000  copying file ./PkgInfo ... 
2018-10-03 16:59:36 +0000  8 bytes for ./PkgInfo
2018-10-03 16:59:36 +0000  copying file ./AppIcon76x76~ipad.png ... 
2018-10-03 16:59:36 +0000  4509 bytes for ./AppIcon76x76~ipad.png
2018-10-03 16:59:36 +0000  /usr/bin/ditto exited with 0
2018-10-03 16:59:36 +0000  Processing step: IDEDistributionEmbedProfileStep
2018-10-03 16:59:36 +0000  Skipping profile for item: <IDEDistributionItem: 0x7ff5110af860 'com.vuforia.Vuforia' '<DVTFilePath:0x7ff513ddb010:'/Users/randy/Library/Developer/Xcode/Archives/2018-10-02/AR PopUp v1.7.0 2018-10-02, 4.48 PM.xcarchive/Products/Applications/PopUp.app/Frameworks/Vuforia.framework'>'>
2018-10-03 16:59:36 +0000  Processing step: IDEDistributionAppThinningPlistStep
2018-10-03 16:59:36 +0000  Skipping step: IDEDistributionAppThinningPlistStep because it said so
2018-10-03 16:59:36 +0000  Processing step: IDEDistributionCompileBitcodeStep
2018-10-03 16:59:36 +0000  Skipping step: IDEDistributionCompileBitcodeStep because it said so
2018-10-03 16:59:36 +0000  Processing step: IDEDistributionCodeSlimmingStep
2018-10-03 16:59:36 +0000  Processing step: IDEDistributionCopyBCSymbolMapsStep
2018-10-03 16:59:36 +0000  Skipping step: IDEDistributionCopyBCSymbolMapsStep because it said so
2018-10-03 16:59:36 +0000  Skipping step: IDEDistributionCopyBCSymbolMapsStep because it said so
2018-10-03 16:59:36 +0000  Processing step: IDEDistributionSymbolsStep
2018-10-03 16:59:36 +0000  Skipping step: IDEDistributionSymbolsStep because it said so
2018-10-03 16:59:36 +0000  Skipping step: IDEDistributionSymbolsStep because it said so
2018-10-03 16:59:36 +0000  Processing step: IDEDistributionAppThinningStep
2018-10-03 16:59:36 +0000  Skipping step: IDEDistributionAppThinningStep because it said so
2018-10-03 16:59:36 +0000  Processing step: IDEDistributionODRStep
2018-10-03 16:59:36 +0000  Processing step: IDEDistributionStripXattrsStep
2018-10-03 16:59:36 +0000  Skipping stripping extended attributes of item: <IDEDistributionItem: 0x7ff5110af860 'com.vuforia.Vuforia' '<DVTFilePath:0x7ff513ddb010:'/Users/randy/Library/Developer/Xcode/Archives/2018-10-02/AR PopUp v1.7.0 2018-10-02, 4.48 PM.xcarchive/Products/Applications/PopUp.app/Frameworks/Vuforia.framework'>'>
2018-10-03 16:59:36 +0000  Running /usr/bin/xattr '-crs' '/var/folders/cw/_xtt51vd7pb0ftplv3b513q80000gr/T/XcodeDistPipeline.1aN/Root/Payload/PopUp.app'
2018-10-03 16:59:36 +0000  /usr/bin/xattr exited with 0
2018-10-03 16:59:36 +0000  Processing step: IDEDistributionCodesignStep
2018-10-03 16:59:36 +0000  Entitlements for <IDEDistributionItem: 0x7ff5110af860 'com.vuforia.Vuforia' '<DVTFilePath:0x7ff513ddb010:'/Users/randy/Library/Developer/Xcode/Archives/2018-10-02/AR PopUp v1.7.0 2018-10-02, 4.48 PM.xcarchive/Products/Applications/PopUp.app/Frameworks/Vuforia.framework'>'>: {
}
2018-10-03 16:59:36 +0000  Writing entitlements for <IDEDistributionItem: 0x7ff5110af860 'com.vuforia.Vuforia' '<DVTFilePath:0x7ff513ddb010:'/Users/randy/Library/Developer/Xcode/Archives/2018-10-02/AR PopUp v1.7.0 2018-10-02, 4.48 PM.xcarchive/Products/Applications/PopUp.app/Frameworks/Vuforia.framework'>'> to: /var/folders/cw/_xtt51vd7pb0ftplv3b513q80000gr/T/XcodeDistPipeline.1aN/entitlementsiyC0tg
2018-10-03 16:59:36 +0000  Running /usr/bin/codesign '-vvv' '--force' '--sign' '01F471F79BDC9A5C8BD311CF1932A4E06ED7D019' '--entitlements' '/var/folders/cw/_xtt51vd7pb0ftplv3b513q80000gr/T/XcodeDistPipeline.1aN/entitlementsiyC0tg' '--preserve-metadata=identifier,flags,runtime' '/var/folders/cw/_xtt51vd7pb0ftplv3b513q80000gr/T/XcodeDistPipeline.1aN/Root/Payload/PopUp.app/Frameworks/Vuforia.framework'
2018-10-03 16:59:36 +0000  /var/folders/cw/_xtt51vd7pb0ftplv3b513q80000gr/T/XcodeDistPipeline.1aN/Root/Payload/PopUp.app/Frameworks/Vuforia.framework: replacing existing signature
2018-10-03 16:59:41 +0000  /var/folders/cw/_xtt51vd7pb0ftplv3b513q80000gr/T/XcodeDistPipeline.1aN/Root/Payload/PopUp.app/Frameworks/Vuforia.framework: signed bundle with Mach-O universal (armv7 arm64) [com.vuforia.Vuforia]
2018-10-03 16:59:41 +0000  /usr/bin/codesign exited with 0
2018-10-03 16:59:41 +0000  Entitlements for <IDEDistributionItem: 0x7ff51047eed0 'com.GHD.ARPopUp.Dev' '<DVTFilePath:0x7ff514f5c5d0:'/Users/randy/Library/Developer/Xcode/Archives/2018-10-02/AR PopUp v1.7.0 2018-10-02, 4.48 PM.xcarchive/Products/Applications/PopUp.app'>'>: {
    "application-identifier" = "4KR6S48UY5.com.GHD.ARPopUp.Dev";
    "com.apple.developer.team-identifier" = 4KR6S48UY5;
    "get-task-allow" = 1;
    "keychain-access-groups" =     (
        "4KR6S48UY5.com.GHD.ARPopUp.Dev"
    );
}
2018-10-03 16:59:41 +0000  Writing entitlements for <IDEDistributionItem: 0x7ff51047eed0 'com.GHD.ARPopUp.Dev' '<DVTFilePath:0x7ff514f5c5d0:'/Users/randy/Library/Developer/Xcode/Archives/2018-10-02/AR PopUp v1.7.0 2018-10-02, 4.48 PM.xcarchive/Products/Applications/PopUp.app'>'> to: /var/folders/cw/_xtt51vd7pb0ftplv3b513q80000gr/T/XcodeDistPipeline.1aN/entitlementsfJDFJC
2018-10-03 16:59:41 +0000  Running /usr/bin/codesign '-vvv' '--force' '--sign' '01F471F79BDC9A5C8BD311CF1932A4E06ED7D019' '--entitlements' '/var/folders/cw/_xtt51vd7pb0ftplv3b513q80000gr/T/XcodeDistPipeline.1aN/entitlementsfJDFJC' '--preserve-metadata=identifier,flags,runtime' '/var/folders/cw/_xtt51vd7pb0ftplv3b513q80000gr/T/XcodeDistPipeline.1aN/Root/Payload/PopUp.app'
2018-10-03 16:59:41 +0000  /var/folders/cw/_xtt51vd7pb0ftplv3b513q80000gr/T/XcodeDistPipeline.1aN/Root/Payload/PopUp.app: replacing existing signature
2018-10-03 16:59:44 +0000  /var/folders/cw/_xtt51vd7pb0ftplv3b513q80000gr/T/XcodeDistPipeline.1aN/Root/Payload/PopUp.app: signed app bundle with Mach-O thin (arm64) [com.GHD.ARPopUp.Dev]
2018-10-03 16:59:44 +0000  /usr/bin/codesign exited with 0
2018-10-03 16:59:44 +0000  Processing step: IDEDistributionZipODRItemStep
2018-10-03 16:59:44 +0000  Skipping step: IDEDistributionZipODRItemStep because it said so
2018-10-03 16:59:44 +0000  Skipping step: IDEDistributionZipODRItemStep because it said so
2018-10-03 16:59:44 +0000  Processing step: IDEDistributionCreateIPAStep
2018-10-03 16:59:44 +0000  Running /usr/bin/ditto '-V' '-c' '-k' '--norsrc' '/var/folders/cw/_xtt51vd7pb0ftplv3b513q80000gr/T/XcodeDistPipeline.1aN/Root' '/var/folders/cw/_xtt51vd7pb0ftplv3b513q80000gr/T/XcodeDistPipeline.1aN/Packages/AR PopUp v1.7.0.ipa'
2018-10-03 16:59:44 +0000  >>> Copying /var/folders/cw/_xtt51vd7pb0ftplv3b513q80000gr/T/XcodeDistPipeline.1aN/Root 
2018-10-03 16:59:44 +0000  copying file ./Payload/PopUp.app/_CodeSignature/CodeResources ... 
2018-10-03 16:59:44 +0000  28171 bytes for ./Payload/PopUp.app/_CodeSignature/CodeResources
2018-10-03 16:59:44 +0000  copying file ./Payload/PopUp.app/LaunchImage-1100-Portrait-2436h@3x.png ... 
2018-10-03 16:59:44 +0000  14552 bytes for ./Payload/PopUp.app/LaunchImage-1100-Portrait-2436h@3x.png
copying file ./Payload/PopUp.app/LaunchImage@2x.png ... 
2018-10-03 16:59:44 +0000  3933 bytes for ./Payload/PopUp.app/LaunchImage@2x.png
copying file ./Payload/PopUp.app/AppIcon20x20@2x.png ... 
2018-10-03 16:59:44 +0000  2102 bytes for ./Payload/PopUp.app/AppIcon20x20@2x.png
copying file ./Payload/PopUp.app/PopUp ... 
2018-10-03 16:59:45 +0000  29110128 bytes for ./Payload/PopUp.app/PopUp
copying file ./Payload/PopUp.app/LaunchScreen-iPhonePortrait.png ... 
2018-10-03 16:59:45 +0000  138 bytes for ./Payload/PopUp.app/LaunchScreen-iPhonePortrait.png
copying file ./Payload/PopUp.app/LaunchScreen-iPhoneLandscape.png ... 
138 bytes for ./Payload/PopUp.app/LaunchScreen-iPhoneLandscape.png
copying file ./Payload/PopUp.app/AppIcon20x20@3x.png ... 
3280 bytes for ./Payload/PopUp.app/AppIcon20x20@3x.png
copying file ./Payload/PopUp.app/AppIcon29x29.png ... 
2018-10-03 16:59:45 +0000  1526 bytes for ./Payload/PopUp.app/AppIcon29x29.png
copying file ./Payload/PopUp.app/LaunchScreen-iPad.nib ... 
2018-10-03 16:59:45 +0000  1443 bytes for ./Payload/PopUp.app/LaunchScreen-iPad.nib
copying file ./Payload/PopUp.app/LaunchImage-568h@2x.png ... 
4617 bytes for ./Payload/PopUp.app/LaunchImage-568h@2x.png
copying file ./Payload/PopUp.app/LaunchScreen-iPhone.nib ... 
2018-10-03 16:59:45 +0000  1453 bytes for ./Payload/PopUp.app/LaunchScreen-iPhone.nib
copying file ./Payload/PopUp.app/AppIcon60x60@2x.png ... 
2018-10-03 16:59:45 +0000  7964 bytes for ./Payload/PopUp.app/AppIcon60x60@2x.png
copying file ./Payload/PopUp.app/AppIcon29x29@2x.png ... 
2018-10-03 16:59:45 +0000  3169 bytes for ./Payload/PopUp.app/AppIcon29x29@2x.png
2018-10-03 16:59:45 +0000  copying file ./Payload/PopUp.app/LaunchImage-1100-Landscape-2436h@3x.png ... 
2018-10-03 16:59:45 +0000  12707 bytes for ./Payload/PopUp.app/LaunchImage-1100-Landscape-2436h@3x.png
copying file ./Payload/PopUp.app/LaunchImage-800-667h@2x.png ... 
2018-10-03 16:59:45 +0000  5949 bytes for ./Payload/PopUp.app/LaunchImage-800-667h@2x.png
copying file ./Payload/PopUp.app/LaunchImage-Portrait@2x~ipad.png ... 
2018-10-03 16:59:45 +0000  15515 bytes for ./Payload/PopUp.app/LaunchImage-Portrait@2x~ipad.png
copying file ./Payload/PopUp.app/AppIcon40x40@3x.png ... 
2018-10-03 16:59:45 +0000  7964 bytes for ./Payload/PopUp.app/AppIcon40x40@3x.png
2018-10-03 16:59:45 +0000  copying file ./Payload/PopUp.app/AppIcon29x29~ipad.png ... 
1526 bytes for ./Payload/PopUp.app/AppIcon29x29~ipad.png
2018-10-03 16:59:45 +0000  copying file ./Payload/PopUp.app/AppIcon40x40@2x.png ... 
2018-10-03 16:59:45 +0000  4699 bytes for ./Payload/PopUp.app/AppIcon40x40@2x.png
copying file ./Payload/PopUp.app/LaunchImage-Portrait~ipad.png ... 
2018-10-03 16:59:45 +0000  4691 bytes for ./Payload/PopUp.app/LaunchImage-Portrait~ipad.png
copying file ./Payload/PopUp.app/AppIcon29x29@3x.png ... 
2018-10-03 16:59:45 +0000  5166 bytes for ./Payload/PopUp.app/AppIcon29x29@3x.png
2018-10-03 16:59:45 +0000  copying file ./Payload/PopUp.app/AppIcon60x60@3x.png ... 
2018-10-03 16:59:45 +0000  14674 bytes for ./Payload/PopUp.app/AppIcon60x60@3x.png
2018-10-03 16:59:45 +0000  copying file ./Payload/PopUp.app/LaunchScreen-iPad.png ... 
138 bytes for ./Payload/PopUp.app/LaunchScreen-iPad.png
copying file ./Payload/PopUp.app/LaunchImage-Landscape~ipad.png ... 
2018-10-03 16:59:45 +0000  4433 bytes for ./Payload/PopUp.app/LaunchImage-Landscape~ipad.png
2018-10-03 16:59:45 +0000  copying file ./Payload/PopUp.app/LaunchImage-700-Portrait~ipad.png ... 
2018-10-03 16:59:45 +0000  4691 bytes for ./Payload/PopUp.app/LaunchImage-700-Portrait~ipad.png
copying file ./Payload/PopUp.app/Assets.car ... 
2018-10-03 16:59:45 +0000  374840 bytes for ./Payload/PopUp.app/Assets.car
copying file ./Payload/PopUp.app/AppIcon40x40@2x~ipad.png ... 
2018-10-03 16:59:45 +0000  4699 bytes for ./Payload/PopUp.app/AppIcon40x40@2x~ipad.png
2018-10-03 16:59:45 +0000  copying file ./Payload/PopUp.app/AppIcon76x76@2x~ipad.png ... 
2018-10-03 16:59:45 +0000  11301 bytes for ./Payload/PopUp.app/AppIcon76x76@2x~ipad.png
copying file ./Payload/PopUp.app/LaunchImage-800-Portrait-736h@3x.png ... 
2018-10-03 16:59:45 +0000  14196 bytes for ./Payload/PopUp.app/LaunchImage-800-Portrait-736h@3x.png
2018-10-03 16:59:45 +0000  copying file ./Payload/PopUp.app/LaunchImage-700@2x.png ... 
3933 bytes for ./Payload/PopUp.app/LaunchImage-700@2x.png
copying file ./Payload/PopUp.app/AppIcon83.5x83.5@2x~ipad.png ... 
2018-10-03 16:59:45 +0000  13192 bytes for ./Payload/PopUp.app/AppIcon83.5x83.5@2x~ipad.png
2018-10-03 16:59:45 +0000  copying file ./Payload/PopUp.app/LaunchImage-700-568h@2x.png ... 
4617 bytes for ./Payload/PopUp.app/LaunchImage-700-568h@2x.png
2018-10-03 16:59:45 +0000  copying file ./Payload/PopUp.app/LaunchImage-Landscape@2x~ipad.png ... 
2018-10-03 16:59:45 +0000  14943 bytes for ./Payload/PopUp.app/LaunchImage-Landscape@2x~ipad.png
copying file ./Payload/PopUp.app/AppIcon29x29@2x~ipad.png ... 
2018-10-03 16:59:45 +0000  3169 bytes for ./Payload/PopUp.app/AppIcon29x29@2x~ipad.png
copying file ./Payload/PopUp.app/LaunchImage-700-Landscape@2x~ipad.png ... 
2018-10-03 16:59:45 +0000  14943 bytes for ./Payload/PopUp.app/LaunchImage-700-Landscape@2x~ipad.png
copying file ./Payload/PopUp.app/AppIcon40x40~ipad.png ... 
2018-10-03 16:59:45 +0000  2102 bytes for ./Payload/PopUp.app/AppIcon40x40~ipad.png
copying file ./Payload/PopUp.app/Frameworks/Vuforia.framework/_CodeSignature/CodeResources ... 
2018-10-03 16:59:45 +0000  2202 bytes for ./Payload/PopUp.app/Frameworks/Vuforia.framework/_CodeSignature/CodeResources
2018-10-03 16:59:45 +0000  copying file ./Payload/PopUp.app/Frameworks/Vuforia.framework/Vuforia ... 
2018-10-03 16:59:46 +0000  33200960 bytes for ./Payload/PopUp.app/Frameworks/Vuforia.framework/Vuforia
2018-10-03 16:59:46 +0000  copying file ./Payload/PopUp.app/Frameworks/Vuforia.framework/Info.plist ... 
2018-10-03 16:59:46 +0000  706 bytes for ./Payload/PopUp.app/Frameworks/Vuforia.framework/Info.plist
copying file ./Payload/PopUp.app/AppIcon20x20~ipad.png ... 
2018-10-03 16:59:46 +0000  970 bytes for ./Payload/PopUp.app/AppIcon20x20~ipad.png
copying file ./Payload/PopUp.app/Vuforia/VuforiaMars_Object_OT.xml ... 
2018-10-03 16:59:46 +0000  239 bytes for ./Payload/PopUp.app/Vuforia/VuforiaMars_Object_OT.xml
copying file ./Payload/PopUp.app/Vuforia/VuforiaMars_VuMark.xml ... 
2018-10-03 16:59:46 +0000  174 bytes for ./Payload/PopUp.app/Vuforia/VuforiaMars_VuMark.xml
copying file ./Payload/PopUp.app/Vuforia/GHD_Vuforia.dat ... 
2018-10-03 16:59:46 +0000  1020759 bytes for ./Payload/PopUp.app/Vuforia/GHD_Vuforia.dat
2018-10-03 16:59:46 +0000  copying file ./Payload/PopUp.app/Vuforia/VuforiaMars_Object_OT.dat ... 
2018-10-03 16:59:46 +0000  5612810 bytes for ./Payload/PopUp.app/Vuforia/VuforiaMars_Object_OT.dat
2018-10-03 16:59:46 +0000  copying file ./Payload/PopUp.app/Vuforia/VuforiaMars_VuMark.dat ... 
2018-10-03 16:59:46 +0000  36825 bytes for ./Payload/PopUp.app/Vuforia/VuforiaMars_VuMark.dat
2018-10-03 16:59:46 +0000  copying file ./Payload/PopUp.app/Vuforia/GHD_Vuforia.xml ... 
1981 bytes for ./Payload/PopUp.app/Vuforia/GHD_Vuforia.xml
copying file ./Payload/PopUp.app/Vuforia/VuforiaMars_ModelTarget.xml ... 
2018-10-03 16:59:46 +0000  574 bytes for ./Payload/PopUp.app/Vuforia/VuforiaMars_ModelTarget.xml
copying file ./Payload/PopUp.app/Vuforia/VuforiaMars_ModelTarget.dat ... 
2018-10-03 16:59:46 +0000  1507487 bytes for ./Payload/PopUp.app/Vuforia/VuforiaMars_ModelTarget.dat
2018-10-03 16:59:46 +0000  copying file ./Payload/PopUp.app/Vuforia/VuforiaMars_Images.dat ... 
2018-10-03 16:59:46 +0000  801555 bytes for ./Payload/PopUp.app/Vuforia/VuforiaMars_Images.dat
copying file ./Payload/PopUp.app/Vuforia/VuforiaMars_Images.xml ... 
2018-10-03 16:59:46 +0000  1512 bytes for ./Payload/PopUp.app/Vuforia/VuforiaMars_Images.xml
copying file ./Payload/PopUp.app/LaunchImage.png ... 
2018-10-03 16:59:46 +0000  1425 bytes for ./Payload/PopUp.app/LaunchImage.png
copying file ./Payload/PopUp.app/embedded.mobileprovision ... 
2018-10-03 16:59:46 +0000  9500 bytes for ./Payload/PopUp.app/embedded.mobileprovision
2018-10-03 16:59:46 +0000  copying file ./Payload/PopUp.app/Data/Managed/Resources/mscorlib.dll-resources.dat ... 
2018-10-03 16:59:46 +0000  337563 bytes for ./Payload/PopUp.app/Data/Managed/Resources/mscorlib.dll-resources.dat
2018-10-03 16:59:46 +0000  copying file ./Payload/PopUp.app/Data/Managed/mono/2.0/machine.config ... 
2018-10-03 16:59:46 +0000  27625 bytes for ./Payload/PopUp.app/Data/Managed/mono/2.0/machine.config
2018-10-03 16:59:46 +0000  copying file ./Payload/PopUp.app/Data/Managed/mono/4.0/machine.config ... 
2018-10-03 16:59:46 +0000  33648 bytes for ./Payload/PopUp.app/Data/Managed/mono/4.0/machine.config
2018-10-03 16:59:46 +0000  copying file ./Payload/PopUp.app/Data/Managed/Metadata/global-metadata.dat ... 
2018-10-03 16:59:47 +0000  4741324 bytes for ./Payload/PopUp.app/Data/Managed/Metadata/global-metadata.dat
2018-10-03 16:59:47 +0000  copying file ./Payload/PopUp.app/Data/globalgamemanagers ... 
2018-10-03 16:59:47 +0000  72824 bytes for ./Payload/PopUp.app/Data/globalgamemanagers
copying file ./Payload/PopUp.app/Data/boot.config ... 
2018-10-03 16:59:47 +0000  68 bytes for ./Payload/PopUp.app/Data/boot.config
copying file ./Payload/PopUp.app/Data/resources.assets ... 
2018-10-03 16:59:47 +0000  218568 bytes for ./Payload/PopUp.app/Data/resources.assets
2018-10-03 16:59:47 +0000  copying file ./Payload/PopUp.app/Data/Resources/unity_builtin_extra ... 
2018-10-03 16:59:47 +0000  893568 bytes for ./Payload/PopUp.app/Data/Resources/unity_builtin_extra
2018-10-03 16:59:47 +0000  copying file ./Payload/PopUp.app/Data/unity default resources ... 
2018-10-03 16:59:47 +0000  6174708 bytes for ./Payload/PopUp.app/Data/unity default resources
copying file ./Payload/PopUp.app/Data/sharedassets0.assets.resS ... 
2018-10-03 16:59:50 +0000  70349624 bytes for ./Payload/PopUp.app/Data/sharedassets0.assets.resS
2018-10-03 16:59:50 +0000  copying file ./Payload/PopUp.app/Data/sharedassets0.assets ... 
2018-10-03 16:59:52 +0000  59253052 bytes for ./Payload/PopUp.app/Data/sharedassets0.assets
copying file ./Payload/PopUp.app/Data/globalgamemanagers.assets.resS ... 
2018-10-03 16:59:52 +0000  2764800 bytes for ./Payload/PopUp.app/Data/globalgamemanagers.assets.resS
copying file ./Payload/PopUp.app/Data/level0.resS ... 
2018-10-03 16:59:52 +0000  961192 bytes for ./Payload/PopUp.app/Data/level0.resS
2018-10-03 16:59:52 +0000  copying file ./Payload/PopUp.app/Data/level0 ... 
2018-10-03 16:59:52 +0000  5330308 bytes for ./Payload/PopUp.app/Data/level0
2018-10-03 16:59:52 +0000  copying file ./Payload/PopUp.app/Data/resources.assets.resS ... 
2018-10-03 16:59:52 +0000  174848 bytes for ./Payload/PopUp.app/Data/resources.assets.resS
2018-10-03 16:59:52 +0000  copying file ./Payload/PopUp.app/Data/Raw/Vuforia/VuforiaMars_Object_OT.xml ... 
2018-10-03 16:59:52 +0000  239 bytes for ./Payload/PopUp.app/Data/Raw/Vuforia/VuforiaMars_Object_OT.xml
copying file ./Payload/PopUp.app/Data/Raw/Vuforia/VuforiaMars_VuMark.xml ... 
174 bytes for ./Payload/PopUp.app/Data/Raw/Vuforia/VuforiaMars_VuMark.xml
copying file ./Payload/PopUp.app/Data/Raw/Vuforia/GHD_Vuforia.dat ... 
2018-10-03 16:59:52 +0000  1020759 bytes for ./Payload/PopUp.app/Data/Raw/Vuforia/GHD_Vuforia.dat
2018-10-03 16:59:52 +0000  copying file ./Payload/PopUp.app/Data/Raw/Vuforia/VuforiaMars_Object_OT.dat ... 
2018-10-03 16:59:52 +0000  5612810 bytes for ./Payload/PopUp.app/Data/Raw/Vuforia/VuforiaMars_Object_OT.dat
2018-10-03 16:59:52 +0000  copying file ./Payload/PopUp.app/Data/Raw/Vuforia/VuforiaMars_VuMark.dat ... 
2018-10-03 16:59:52 +0000  36825 bytes for ./Payload/PopUp.app/Data/Raw/Vuforia/VuforiaMars_VuMark.dat
2018-10-03 16:59:52 +0000  copying file ./Payload/PopUp.app/Data/Raw/Vuforia/GHD_Vuforia.xml ... 
2018-10-03 16:59:52 +0000  1981 bytes for ./Payload/PopUp.app/Data/Raw/Vuforia/GHD_Vuforia.xml
copying file ./Payload/PopUp.app/Data/Raw/Vuforia/VuforiaMars_ModelTarget.xml ... 
2018-10-03 16:59:52 +0000  574 bytes for ./Payload/PopUp.app/Data/Raw/Vuforia/VuforiaMars_ModelTarget.xml
copying file ./Payload/PopUp.app/Data/Raw/Vuforia/VuforiaMars_ModelTarget.dat ... 
2018-10-03 16:59:52 +0000  1507487 bytes for ./Payload/PopUp.app/Data/Raw/Vuforia/VuforiaMars_ModelTarget.dat
2018-10-03 16:59:52 +0000  copying file ./Payload/PopUp.app/Data/Raw/Vuforia/VuforiaMars_Images.dat ... 
2018-10-03 16:59:52 +0000  801555 bytes for ./Payload/PopUp.app/Data/Raw/Vuforia/VuforiaMars_Images.dat
2018-10-03 16:59:52 +0000  copying file ./Payload/PopUp.app/Data/Raw/Vuforia/VuforiaMars_Images.xml ... 
1512 bytes for ./Payload/PopUp.app/Data/Raw/Vuforia/VuforiaMars_Images.xml
2018-10-03 16:59:52 +0000  copying file ./Payload/PopUp.app/Data/globalgamemanagers.assets ... 
2018-10-03 16:59:52 +0000  165352 bytes for ./Payload/PopUp.app/Data/globalgamemanagers.assets
2018-10-03 16:59:52 +0000  copying file ./Payload/PopUp.app/LaunchImage-800-Landscape-736h@3x.png ... 
2018-10-03 16:59:52 +0000  12887 bytes for ./Payload/PopUp.app/LaunchImage-800-Landscape-736h@3x.png
copying file ./Payload/PopUp.app/LaunchImage-700-Portrait@2x~ipad.png ... 
2018-10-03 16:59:52 +0000  15515 bytes for ./Payload/PopUp.app/LaunchImage-700-Portrait@2x~ipad.png
copying file ./Payload/PopUp.app/LaunchImage-700-Landscape~ipad.png ... 
2018-10-03 16:59:52 +0000  4433 bytes for ./Payload/PopUp.app/LaunchImage-700-Landscape~ipad.png
copying file ./Payload/PopUp.app/AppIcon20x20@2x~ipad.png ... 
2018-10-03 16:59:52 +0000  2102 bytes for ./Payload/PopUp.app/AppIcon20x20@2x~ipad.png
copying file ./Payload/PopUp.app/Info.plist ... 
2018-10-03 16:59:52 +0000  2575 bytes for ./Payload/PopUp.app/Info.plist
copying file ./Payload/PopUp.app/PkgInfo ... 
2018-10-03 16:59:52 +0000  8 bytes for ./Payload/PopUp.app/PkgInfo
copying file ./Payload/PopUp.app/AppIcon76x76~ipad.png ... 
2018-10-03 16:59:52 +0000  4509 bytes for ./Payload/PopUp.app/AppIcon76x76~ipad.png
2018-10-03 16:59:52 +0000  /usr/bin/ditto exited with 0
2018-10-03 16:59:52 +0000  Processing step: IDEDistributionAppStoreInformationStep
2018-10-03 16:59:52 +0000  Skipping step: IDEDistributionAppStoreInformationStep because it said so
2018-10-03 16:59:52 +0000  Processing step: IDEDistributionCreateManifestStep
