2018-10-04 19:09:29 +0000  Initial pipeline context: <IDEDistributionProcessingPipelineContext: 0x7fefd0c58d10; archive(resolved)='<IDEArchive: 0x7fefc409aee0>', distributionTask(resolved)='2', distributionDestination(resolved)='1', distributionMethod(resolved)='<IDEDistributionMethodDevelopmentSigned: 0x7fefe0959ff0>', team(resolved)='<IDEProvisioningDisambiguatableBasicTeam: 0x7fefc3e1f8d0; teamID='4KR6S48UY5', teamName='GHD Limited (CA)', teamType='Company', username='randy95nguyen@gmail.com', isFreeProvisioningTeam='0'>'>
	Chain (12, self inclusive):
	<IDEDistributionProcessingPipelineContext: 0x7fefd0c58d10; archive = '<IDEArchive: 0x7fefc409aee0>', distributionMethod='<IDEDistributionMethodDevelopmentSigned: 0x7fefe0959ff0>', team='<IDEProvisioningDisambiguatableBasicTeam: 0x7fefc3e1f8d0; teamID='4KR6S48UY5', teamName='GHD Limited (CA)', teamType='Company', username='randy95nguyen@gmail.com', isFreeProvisioningTeam='0'>'>
	<IDEDistributionProcessingPipelineContext: 0x7fefd09c1180; archive = '<IDEArchive: 0x7fefc409aee0>', distributionMethod='<IDEDistributionMethodDevelopmentSigned: 0x7fefe0959ff0>', team='<IDEProvisioningDisambiguatableBasicTeam: 0x7fefc3e1f8d0; teamID='4KR6S48UY5', teamName='GHD Limited (CA)', teamType='Company', username='randy95nguyen@gmail.com', isFreeProvisioningTeam='0'>'>
	<IDEDistributionContext: 0x7fefd0ab2040; archive = '<IDEArchive: 0x7fefc409aee0>', distributionMethod='<IDEDistributionMethodDevelopmentSigned: 0x7fefe0959ff0>', team='<IDEProvisioningDisambiguatableBasicTeam: 0x7fefc3e1f8d0; teamID='4KR6S48UY5', teamName='GHD Limited (CA)', teamType='Company', username='randy95nguyen@gmail.com', isFreeProvisioningTeam='0'>'>
	<IDEDistributionContext: 0x7fefcfa5a350; archive = '<IDEArchive: 0x7fefc409aee0>', distributionMethod='<IDEDistributionMethodDevelopmentSigned: 0x7fefe0959ff0>', team='<IDEProvisioningDisambiguatableBasicTeam: 0x7fefc3e1f8d0; teamID='4KR6S48UY5', teamName='GHD Limited (CA)', teamType='Company', username='randy95nguyen@gmail.com', isFreeProvisioningTeam='0'>'>
	<IDEDistributionContext: 0x7fefcc0fb6e0; archive = '<IDEArchive: 0x7fefc409aee0>', distributionMethod='<IDEDistributionMethodDevelopmentSigned: 0x7fefe0959ff0>', team='<IDEProvisioningDisambiguatableBasicTeam: 0x7fefc3e1f8d0; teamID='4KR6S48UY5', teamName='GHD Limited (CA)', teamType='Company', username='randy95nguyen@gmail.com', isFreeProvisioningTeam='0'>'>
	<IDEDistributionContext: 0x7fefd0ab1c90; archive = '<IDEArchive: 0x7fefc409aee0>', distributionMethod='<IDEDistributionMethodDevelopmentSigned: 0x7fefe0959ff0>', team='<IDEProvisioningDisambiguatableBasicTeam: 0x7fefc3e1f8d0; teamID='4KR6S48UY5', teamName='GHD Limited (CA)', teamType='Company', username='randy95nguyen@gmail.com', isFreeProvisioningTeam='0'>'>
	<IDEDistributionContext: 0x7fefce227eb0; archive = '<IDEArchive: 0x7fefc409aee0>', distributionMethod='<IDEDistributionMethodDevelopmentSigned: 0x7fefe0959ff0>', team='<IDEProvisioningDisambiguatableBasicTeam: 0x7fefc3e1f8d0; teamID='4KR6S48UY5', teamName='GHD Limited (CA)', teamType='Company', username='randy95nguyen@gmail.com', isFreeProvisioningTeam='0'>'>
	<IDEDistributionContext: 0x7fefd0802e40; archive = '<IDEArchive: 0x7fefc409aee0>', distributionMethod='<IDEDistributionMethodDevelopmentSigned: 0x7fefe0959ff0>', team='<IDEProvisioningDisambiguatableBasicTeam: 0x7fefc3e1f8d0; teamID='4KR6S48UY5', teamName='GHD Limited (CA)', teamType='Company', username='randy95nguyen@gmail.com', isFreeProvisioningTeam='0'>'>
	<IDEDistributionContext: 0x7fefd0925ab0; archive = '<IDEArchive: 0x7fefc409aee0>', distributionMethod='<IDEDistributionMethodDevelopmentSigned: 0x7fefe0959ff0>', team='<IDEProvisioningDisambiguatableBasicTeam: 0x7fefc3e1f8d0; teamID='4KR6S48UY5', teamName='GHD Limited (CA)', teamType='Company', username='randy95nguyen@gmail.com', isFreeProvisioningTeam='0'>'>
	<IDEDistributionContext: 0x7fefd09d00a0; archive = '<IDEArchive: 0x7fefc409aee0>', distributionMethod='<IDEDistributionMethodDevelopmentSigned: 0x7fefe0959ff0>', team='(null)'>
	<IDEDistributionContext: 0x7fefcf231310; archive = '<IDEArchive: 0x7fefc409aee0>', distributionMethod='<IDEDistributionMethodDevelopmentSigned: 0x7fefe0959ff0>', team='(null)'>
	<IDEDistributionContext: 0x7fefe3983a40; archive = '<IDEArchive: 0x7fefc409aee0>', distributionMethod='(null)', team='(null)'>
</IDEDistributionProcessingPipelineContext: 0x7fefd0c58d10>
2018-10-04 19:09:29 +0000  Processing step: IDEDistributionCreateDestRootStep
2018-10-04 19:09:29 +0000  Processing step: IDEDistributionCopyItemStep
2018-10-04 19:09:29 +0000  Running /usr/bin/ditto '-V' '/Users/randy/Library/Developer/Xcode/Archives/2018-10-04/CP PopUP 2018-10-04, 3.06 PM.xcarchive/Products/Applications/ARPopUP.app' '/var/folders/cw/_xtt51vd7pb0ftplv3b513q80000gr/T/XcodeDistPipeline.jsM/Root/Payload/ARPopUP.app'
2018-10-04 19:09:29 +0000  >>> Copying /Users/randy/Library/Developer/Xcode/Archives/2018-10-04/CP PopUP 2018-10-04, 3.06 PM.xcarchive/Products/Applications/ARPopUP.app 
2018-10-04 19:09:29 +0000  copying file ./_CodeSignature/CodeResources ... 
2018-10-04 19:09:29 +0000  27881 bytes for ./_CodeSignature/CodeResources
2018-10-04 19:09:29 +0000  copying file ./LaunchImage-1100-Portrait-2436h@3x.png ... 
2018-10-04 19:09:29 +0000  14552 bytes for ./LaunchImage-1100-Portrait-2436h@3x.png
2018-10-04 19:09:29 +0000  copying file ./ARPopUP ... 
2018-10-04 19:09:29 +0000  41572592 bytes for ./ARPopUP
2018-10-04 19:09:29 +0000  copying file ./LaunchImage@2x.png ... 
3933 bytes for ./LaunchImage@2x.png
copying file ./AppIcon20x20@2x.png ... 
969 bytes for ./AppIcon20x20@2x.png
copying file ./LaunchScreen-iPhonePortrait.png ... 
138 bytes for ./LaunchScreen-iPhonePortrait.png
copying file ./LaunchScreen-iPhoneLandscape.png ... 
138 bytes for ./LaunchScreen-iPhoneLandscape.png
copying file ./AppIcon20x20@3x.png ... 
1290 bytes for ./AppIcon20x20@3x.png
copying file ./AppIcon29x29.png ... 
815 bytes for ./AppIcon29x29.png
copying file ./LaunchScreen-iPad.nib ... 
1443 bytes for ./LaunchScreen-iPad.nib
copying file ./LaunchImage-568h@2x.png ... 
4617 bytes for ./LaunchImage-568h@2x.png
copying file ./LaunchScreen-iPhone.nib ... 
2018-10-04 19:09:29 +0000  1453 bytes for ./LaunchScreen-iPhone.nib
2018-10-04 19:09:29 +0000  copying file ./AppIcon60x60@2x.png ... 
2018-10-04 19:09:29 +0000  2918 bytes for ./AppIcon60x60@2x.png
2018-10-04 19:09:29 +0000  copying file ./AppIcon29x29@2x.png ... 
2018-10-04 19:09:29 +0000  1279 bytes for ./AppIcon29x29@2x.png
2018-10-04 19:09:29 +0000  copying file ./LaunchImage-1100-Landscape-2436h@3x.png ... 
2018-10-04 19:09:29 +0000  12707 bytes for ./LaunchImage-1100-Landscape-2436h@3x.png
2018-10-04 19:09:29 +0000  copying file ./LaunchImage-800-667h@2x.png ... 
2018-10-04 19:09:29 +0000  5949 bytes for ./LaunchImage-800-667h@2x.png
2018-10-04 19:09:29 +0000  copying file ./LaunchImage-Portrait@2x~ipad.png ... 
2018-10-04 19:09:29 +0000  15515 bytes for ./LaunchImage-Portrait@2x~ipad.png
2018-10-04 19:09:29 +0000  copying file ./AppIcon40x40@3x.png ... 
2018-10-04 19:09:29 +0000  2918 bytes for ./AppIcon40x40@3x.png
copying file ./AppIcon29x29~ipad.png ... 
2018-10-04 19:09:29 +0000  815 bytes for ./AppIcon29x29~ipad.png
2018-10-04 19:09:29 +0000  copying file ./AppIcon40x40@2x.png ... 
2018-10-04 19:09:29 +0000  1854 bytes for ./AppIcon40x40@2x.png
2018-10-04 19:09:29 +0000  copying file ./LaunchImage-Portrait~ipad.png ... 
2018-10-04 19:09:29 +0000  4691 bytes for ./LaunchImage-Portrait~ipad.png
2018-10-04 19:09:29 +0000  copying file ./AppIcon29x29@3x.png ... 
2018-10-04 19:09:29 +0000  2010 bytes for ./AppIcon29x29@3x.png
2018-10-04 19:09:29 +0000  copying file ./AppIcon60x60@3x.png ... 
2018-10-04 19:09:29 +0000  5122 bytes for ./AppIcon60x60@3x.png
2018-10-04 19:09:29 +0000  copying file ./LaunchScreen-iPad.png ... 
2018-10-04 19:09:29 +0000  138 bytes for ./LaunchScreen-iPad.png
2018-10-04 19:09:29 +0000  copying file ./LaunchImage-Landscape~ipad.png ... 
2018-10-04 19:09:29 +0000  4433 bytes for ./LaunchImage-Landscape~ipad.png
2018-10-04 19:09:29 +0000  copying file ./LaunchImage-700-Portrait~ipad.png ... 
2018-10-04 19:09:29 +0000  4691 bytes for ./LaunchImage-700-Portrait~ipad.png
copying file ./Assets.car ... 
2018-10-04 19:09:29 +0000  165336 bytes for ./Assets.car
2018-10-04 19:09:29 +0000  copying file ./AppIcon40x40@2x~ipad.png ... 
2018-10-04 19:09:29 +0000  1854 bytes for ./AppIcon40x40@2x~ipad.png
2018-10-04 19:09:29 +0000  copying file ./AppIcon76x76@2x~ipad.png ... 
2018-10-04 19:09:29 +0000  3963 bytes for ./AppIcon76x76@2x~ipad.png
copying file ./LaunchImage-800-Portrait-736h@3x.png ... 
2018-10-04 19:09:29 +0000  14196 bytes for ./LaunchImage-800-Portrait-736h@3x.png
2018-10-04 19:09:29 +0000  copying file ./LaunchImage-700@2x.png ... 
2018-10-04 19:09:29 +0000  3933 bytes for ./LaunchImage-700@2x.png
2018-10-04 19:09:29 +0000  copying file ./AppIcon83.5x83.5@2x~ipad.png ... 
2018-10-04 19:09:29 +0000  4624 bytes for ./AppIcon83.5x83.5@2x~ipad.png
2018-10-04 19:09:29 +0000  copying file ./LaunchImage-700-568h@2x.png ... 
2018-10-04 19:09:29 +0000  4617 bytes for ./LaunchImage-700-568h@2x.png
2018-10-04 19:09:29 +0000  copying file ./LaunchImage-Landscape@2x~ipad.png ... 
2018-10-04 19:09:29 +0000  14943 bytes for ./LaunchImage-Landscape@2x~ipad.png
2018-10-04 19:09:29 +0000  copying file ./AppIcon29x29@2x~ipad.png ... 
2018-10-04 19:09:29 +0000  1279 bytes for ./AppIcon29x29@2x~ipad.png
2018-10-04 19:09:29 +0000  copying file ./LaunchImage-700-Landscape@2x~ipad.png ... 
2018-10-04 19:09:29 +0000  14943 bytes for ./LaunchImage-700-Landscape@2x~ipad.png
2018-10-04 19:09:29 +0000  copying file ./AppIcon40x40~ipad.png ... 
2018-10-04 19:09:29 +0000  969 bytes for ./AppIcon40x40~ipad.png
2018-10-04 19:09:29 +0000  copying file ./Frameworks/Vuforia.framework/_CodeSignature/CodeResources ... 
2018-10-04 19:09:29 +0000  2202 bytes for ./Frameworks/Vuforia.framework/_CodeSignature/CodeResources
2018-10-04 19:09:29 +0000  copying file ./Frameworks/Vuforia.framework/Vuforia ... 
2018-10-04 19:09:29 +0000  33200672 bytes for ./Frameworks/Vuforia.framework/Vuforia
copying file ./Frameworks/Vuforia.framework/Info.plist ... 
2018-10-04 19:09:29 +0000  706 bytes for ./Frameworks/Vuforia.framework/Info.plist
copying file ./AppIcon20x20~ipad.png ... 
612 bytes for ./AppIcon20x20~ipad.png
2018-10-04 19:09:29 +0000  copying file ./Vuforia/VuforiaMars_Object_OT.xml ... 
2018-10-04 19:09:29 +0000  239 bytes for ./Vuforia/VuforiaMars_Object_OT.xml
2018-10-04 19:09:29 +0000  copying file ./Vuforia/VuforiaMars_VuMark.xml ... 
2018-10-04 19:09:29 +0000  174 bytes for ./Vuforia/VuforiaMars_VuMark.xml
2018-10-04 19:09:29 +0000  copying file ./Vuforia/GHD_Vuforia.dat ... 
2018-10-04 19:09:29 +0000  733612 bytes for ./Vuforia/GHD_Vuforia.dat
2018-10-04 19:09:29 +0000  copying file ./Vuforia/VuforiaMars_Object_OT.dat ... 
2018-10-04 19:09:29 +0000  5612810 bytes for ./Vuforia/VuforiaMars_Object_OT.dat
2018-10-04 19:09:29 +0000  copying file ./Vuforia/VuforiaMars_VuMark.dat ... 
36825 bytes for ./Vuforia/VuforiaMars_VuMark.dat
copying file ./Vuforia/GHD_Vuforia.xml ... 
1510 bytes for ./Vuforia/GHD_Vuforia.xml
copying file ./Vuforia/VuforiaMars_ModelTarget.xml ... 
574 bytes for ./Vuforia/VuforiaMars_ModelTarget.xml
copying file ./Vuforia/VuforiaMars_ModelTarget.dat ... 
2018-10-04 19:09:29 +0000  1507487 bytes for ./Vuforia/VuforiaMars_ModelTarget.dat
2018-10-04 19:09:29 +0000  copying file ./Vuforia/VuforiaMars_Images.dat ... 
801555 bytes for ./Vuforia/VuforiaMars_Images.dat
copying file ./Vuforia/VuforiaMars_Images.xml ... 
2018-10-04 19:09:29 +0000  1512 bytes for ./Vuforia/VuforiaMars_Images.xml
copying file ./LaunchImage.png ... 
2018-10-04 19:09:29 +0000  1425 bytes for ./LaunchImage.png
2018-10-04 19:09:29 +0000  copying file ./embedded.mobileprovision ... 
2018-10-04 19:09:29 +0000  7518 bytes for ./embedded.mobileprovision
2018-10-04 19:09:29 +0000  copying file ./Data/Managed/Resources/mscorlib.dll-resources.dat ... 
2018-10-04 19:09:29 +0000  337563 bytes for ./Data/Managed/Resources/mscorlib.dll-resources.dat
2018-10-04 19:09:29 +0000  copying file ./Data/Managed/mono/2.0/machine.config ... 
2018-10-04 19:09:29 +0000  27625 bytes for ./Data/Managed/mono/2.0/machine.config
2018-10-04 19:09:29 +0000  copying file ./Data/Managed/mono/4.0/machine.config ... 
2018-10-04 19:09:29 +0000  33648 bytes for ./Data/Managed/mono/4.0/machine.config
2018-10-04 19:09:29 +0000  copying file ./Data/Managed/Metadata/global-metadata.dat ... 
2018-10-04 19:09:29 +0000  2929324 bytes for ./Data/Managed/Metadata/global-metadata.dat
2018-10-04 19:09:29 +0000  copying file ./Data/globalgamemanagers ... 
40352 bytes for ./Data/globalgamemanagers
copying file ./Data/boot.config ... 
68 bytes for ./Data/boot.config
copying file ./Data/resources.assets ... 
218568 bytes for ./Data/resources.assets
copying file ./Data/Resources/unity_builtin_extra ... 
2018-10-04 19:09:29 +0000  499216 bytes for ./Data/Resources/unity_builtin_extra
2018-10-04 19:09:29 +0000  copying file ./Data/unity default resources ... 
2018-10-04 19:09:29 +0000  6174708 bytes for ./Data/unity default resources
copying file ./Data/sharedassets0.assets.resS ... 
2018-10-04 19:09:30 +0000  80290440 bytes for ./Data/sharedassets0.assets.resS
2018-10-04 19:09:30 +0000  copying file ./Data/sharedassets0.assets ... 
2018-10-04 19:09:30 +0000  62220444 bytes for ./Data/sharedassets0.assets
copying file ./Data/globalgamemanagers.assets.resS ... 
2018-10-04 19:09:30 +0000  5039588 bytes for ./Data/globalgamemanagers.assets.resS
2018-10-04 19:09:30 +0000  copying file ./Data/level0 ... 
2018-10-04 19:09:30 +0000  15985748 bytes for ./Data/level0
2018-10-04 19:09:30 +0000  copying file ./Data/resources.assets.resS ... 
174848 bytes for ./Data/resources.assets.resS
copying file ./Data/Raw/Vuforia/VuforiaMars_Object_OT.xml ... 
2018-10-04 19:09:30 +0000  239 bytes for ./Data/Raw/Vuforia/VuforiaMars_Object_OT.xml
copying file ./Data/Raw/Vuforia/VuforiaMars_VuMark.xml ... 
2018-10-04 19:09:30 +0000  174 bytes for ./Data/Raw/Vuforia/VuforiaMars_VuMark.xml
2018-10-04 19:09:30 +0000  copying file ./Data/Raw/Vuforia/GHD_Vuforia.dat ... 
2018-10-04 19:09:30 +0000  733612 bytes for ./Data/Raw/Vuforia/GHD_Vuforia.dat
2018-10-04 19:09:30 +0000  copying file ./Data/Raw/Vuforia/VuforiaMars_Object_OT.dat ... 
2018-10-04 19:09:30 +0000  5612810 bytes for ./Data/Raw/Vuforia/VuforiaMars_Object_OT.dat
2018-10-04 19:09:30 +0000  copying file ./Data/Raw/Vuforia/VuforiaMars_VuMark.dat ... 
36825 bytes for ./Data/Raw/Vuforia/VuforiaMars_VuMark.dat
copying file ./Data/Raw/Vuforia/GHD_Vuforia.xml ... 
1510 bytes for ./Data/Raw/Vuforia/GHD_Vuforia.xml
copying file ./Data/Raw/Vuforia/VuforiaMars_ModelTarget.xml ... 
2018-10-04 19:09:30 +0000  574 bytes for ./Data/Raw/Vuforia/VuforiaMars_ModelTarget.xml
copying file ./Data/Raw/Vuforia/VuforiaMars_ModelTarget.dat ... 
2018-10-04 19:09:30 +0000  1507487 bytes for ./Data/Raw/Vuforia/VuforiaMars_ModelTarget.dat
2018-10-04 19:09:30 +0000  copying file ./Data/Raw/Vuforia/VuforiaMars_Images.dat ... 
2018-10-04 19:09:30 +0000  801555 bytes for ./Data/Raw/Vuforia/VuforiaMars_Images.dat
2018-10-04 19:09:30 +0000  copying file ./Data/Raw/Vuforia/VuforiaMars_Images.xml ... 
2018-10-04 19:09:30 +0000  1512 bytes for ./Data/Raw/Vuforia/VuforiaMars_Images.xml
2018-10-04 19:09:30 +0000  copying file ./Data/globalgamemanagers.assets ... 
2018-10-04 19:09:30 +0000  65052 bytes for ./Data/globalgamemanagers.assets
2018-10-04 19:09:30 +0000  copying file ./LaunchImage-800-Landscape-736h@3x.png ... 
2018-10-04 19:09:30 +0000  12887 bytes for ./LaunchImage-800-Landscape-736h@3x.png
2018-10-04 19:09:30 +0000  copying file ./LaunchImage-700-Portrait@2x~ipad.png ... 
2018-10-04 19:09:30 +0000  15515 bytes for ./LaunchImage-700-Portrait@2x~ipad.png
2018-10-04 19:09:30 +0000  copying file ./LaunchImage-700-Landscape~ipad.png ... 
2018-10-04 19:09:30 +0000  4433 bytes for ./LaunchImage-700-Landscape~ipad.png
2018-10-04 19:09:30 +0000  copying file ./AppIcon20x20@2x~ipad.png ... 
2018-10-04 19:09:30 +0000  969 bytes for ./AppIcon20x20@2x~ipad.png
2018-10-04 19:09:30 +0000  copying file ./Info.plist ... 
2018-10-04 19:09:30 +0000  2576 bytes for ./Info.plist
2018-10-04 19:09:30 +0000  copying file ./PkgInfo ... 
2018-10-04 19:09:30 +0000  8 bytes for ./PkgInfo
2018-10-04 19:09:30 +0000  copying file ./AppIcon76x76~ipad.png ... 
2018-10-04 19:09:30 +0000  1737 bytes for ./AppIcon76x76~ipad.png
2018-10-04 19:09:30 +0000  /usr/bin/ditto exited with 0
2018-10-04 19:09:30 +0000  Processing step: IDEDistributionEmbedProfileStep
2018-10-04 19:09:30 +0000  Skipping profile for item: <IDEDistributionItem: 0x7fefd0592d90 'com.vuforia.Vuforia' '<DVTFilePath:0x7fefce8384b0:'/Users/randy/Library/Developer/Xcode/Archives/2018-10-04/CP PopUP 2018-10-04, 3.06 PM.xcarchive/Products/Applications/ARPopUP.app/Frameworks/Vuforia.framework'>'>
2018-10-04 19:09:30 +0000  Processing step: IDEDistributionAppThinningPlistStep
2018-10-04 19:09:30 +0000  Skipping step: IDEDistributionAppThinningPlistStep because it said so
2018-10-04 19:09:30 +0000  Processing step: IDEDistributionCompileBitcodeStep
2018-10-04 19:09:30 +0000  Skipping step: IDEDistributionCompileBitcodeStep because it said so
2018-10-04 19:09:30 +0000  Processing step: IDEDistributionCodeSlimmingStep
2018-10-04 19:09:30 +0000  Processing step: IDEDistributionCopyBCSymbolMapsStep
2018-10-04 19:09:30 +0000  Skipping step: IDEDistributionCopyBCSymbolMapsStep because it said so
2018-10-04 19:09:30 +0000  Skipping step: IDEDistributionCopyBCSymbolMapsStep because it said so
2018-10-04 19:09:30 +0000  Processing step: IDEDistributionSymbolsStep
2018-10-04 19:09:30 +0000  Skipping step: IDEDistributionSymbolsStep because it said so
2018-10-04 19:09:30 +0000  Skipping step: IDEDistributionSymbolsStep because it said so
2018-10-04 19:09:30 +0000  Processing step: IDEDistributionAppThinningStep
2018-10-04 19:09:30 +0000  Skipping step: IDEDistributionAppThinningStep because it said so
2018-10-04 19:09:30 +0000  Processing step: IDEDistributionODRStep
2018-10-04 19:09:30 +0000  Processing step: IDEDistributionStripXattrsStep
2018-10-04 19:09:30 +0000  Skipping stripping extended attributes of item: <IDEDistributionItem: 0x7fefd0592d90 'com.vuforia.Vuforia' '<DVTFilePath:0x7fefce8384b0:'/Users/randy/Library/Developer/Xcode/Archives/2018-10-04/CP PopUP 2018-10-04, 3.06 PM.xcarchive/Products/Applications/ARPopUP.app/Frameworks/Vuforia.framework'>'>
2018-10-04 19:09:30 +0000  Running /usr/bin/xattr '-crs' '/var/folders/cw/_xtt51vd7pb0ftplv3b513q80000gr/T/XcodeDistPipeline.jsM/Root/Payload/ARPopUP.app'
2018-10-04 19:09:30 +0000  /usr/bin/xattr exited with 0
2018-10-04 19:09:30 +0000  Processing step: IDEDistributionCodesignStep
2018-10-04 19:09:30 +0000  Entitlements for <IDEDistributionItem: 0x7fefd0592d90 'com.vuforia.Vuforia' '<DVTFilePath:0x7fefce8384b0:'/Users/randy/Library/Developer/Xcode/Archives/2018-10-04/CP PopUP 2018-10-04, 3.06 PM.xcarchive/Products/Applications/ARPopUP.app/Frameworks/Vuforia.framework'>'>: {
}
2018-10-04 19:09:30 +0000  Writing entitlements for <IDEDistributionItem: 0x7fefd0592d90 'com.vuforia.Vuforia' '<DVTFilePath:0x7fefce8384b0:'/Users/randy/Library/Developer/Xcode/Archives/2018-10-04/CP PopUP 2018-10-04, 3.06 PM.xcarchive/Products/Applications/ARPopUP.app/Frameworks/Vuforia.framework'>'> to: /var/folders/cw/_xtt51vd7pb0ftplv3b513q80000gr/T/XcodeDistPipeline.jsM/entitlementsq0sBvO
2018-10-04 19:09:30 +0000  Running /usr/bin/codesign '-vvv' '--force' '--sign' '658D1C3A2F3FFB35AF9BDD7E46174A2D250272F7' '--entitlements' '/var/folders/cw/_xtt51vd7pb0ftplv3b513q80000gr/T/XcodeDistPipeline.jsM/entitlementsq0sBvO' '--preserve-metadata=identifier,flags,runtime' '/var/folders/cw/_xtt51vd7pb0ftplv3b513q80000gr/T/XcodeDistPipeline.jsM/Root/Payload/ARPopUP.app/Frameworks/Vuforia.framework'
2018-10-04 19:09:30 +0000  /var/folders/cw/_xtt51vd7pb0ftplv3b513q80000gr/T/XcodeDistPipeline.jsM/Root/Payload/ARPopUP.app/Frameworks/Vuforia.framework: replacing existing signature
2018-10-04 19:09:31 +0000  /var/folders/cw/_xtt51vd7pb0ftplv3b513q80000gr/T/XcodeDistPipeline.jsM/Root/Payload/ARPopUP.app/Frameworks/Vuforia.framework: signed bundle with Mach-O universal (armv7 arm64) [com.vuforia.Vuforia]
2018-10-04 19:09:31 +0000  /usr/bin/codesign exited with 0
2018-10-04 19:09:31 +0000  Entitlements for <IDEDistributionItem: 0x7fefd0956e00 'com.GHD.CP.ARPopUP' '<DVTFilePath:0x7fefcf285b90:'/Users/randy/Library/Developer/Xcode/Archives/2018-10-04/CP PopUP 2018-10-04, 3.06 PM.xcarchive/Products/Applications/ARPopUP.app'>'>: {
    "application-identifier" = "4KR6S48UY5.com.GHD.CP.ARPopUP";
    "com.apple.developer.team-identifier" = 4KR6S48UY5;
    "get-task-allow" = 1;
    "keychain-access-groups" =     (
        "4KR6S48UY5.com.GHD.CP.ARPopUP"
    );
}
2018-10-04 19:09:31 +0000  Writing entitlements for <IDEDistributionItem: 0x7fefd0956e00 'com.GHD.CP.ARPopUP' '<DVTFilePath:0x7fefcf285b90:'/Users/randy/Library/Developer/Xcode/Archives/2018-10-04/CP PopUP 2018-10-04, 3.06 PM.xcarchive/Products/Applications/ARPopUP.app'>'> to: /var/folders/cw/_xtt51vd7pb0ftplv3b513q80000gr/T/XcodeDistPipeline.jsM/entitlementsSkp5aW
2018-10-04 19:09:31 +0000  Running /usr/bin/codesign '-vvv' '--force' '--sign' '658D1C3A2F3FFB35AF9BDD7E46174A2D250272F7' '--entitlements' '/var/folders/cw/_xtt51vd7pb0ftplv3b513q80000gr/T/XcodeDistPipeline.jsM/entitlementsSkp5aW' '--preserve-metadata=identifier,flags,runtime' '/var/folders/cw/_xtt51vd7pb0ftplv3b513q80000gr/T/XcodeDistPipeline.jsM/Root/Payload/ARPopUP.app'
2018-10-04 19:09:31 +0000  /var/folders/cw/_xtt51vd7pb0ftplv3b513q80000gr/T/XcodeDistPipeline.jsM/Root/Payload/ARPopUP.app: replacing existing signature
2018-10-04 19:09:32 +0000  /var/folders/cw/_xtt51vd7pb0ftplv3b513q80000gr/T/XcodeDistPipeline.jsM/Root/Payload/ARPopUP.app: signed app bundle with Mach-O universal (armv7 arm64) [com.GHD.CP.ARPopUP]
2018-10-04 19:09:32 +0000  /usr/bin/codesign exited with 0
2018-10-04 19:09:32 +0000  Processing step: IDEDistributionZipODRItemStep
2018-10-04 19:09:32 +0000  Skipping step: IDEDistributionZipODRItemStep because it said so
2018-10-04 19:09:32 +0000  Skipping step: IDEDistributionZipODRItemStep because it said so
2018-10-04 19:09:32 +0000  Processing step: IDEDistributionCreateIPAStep
2018-10-04 19:09:32 +0000  Running /usr/bin/ditto '-V' '-c' '-k' '--norsrc' '/var/folders/cw/_xtt51vd7pb0ftplv3b513q80000gr/T/XcodeDistPipeline.jsM/Root' '/var/folders/cw/_xtt51vd7pb0ftplv3b513q80000gr/T/XcodeDistPipeline.jsM/Packages/CP PopUP.ipa'
2018-10-04 19:09:32 +0000  >>> Copying /var/folders/cw/_xtt51vd7pb0ftplv3b513q80000gr/T/XcodeDistPipeline.jsM/Root 
2018-10-04 19:09:32 +0000  copying file ./Payload/ARPopUP.app/_CodeSignature/CodeResources ... 
2018-10-04 19:09:32 +0000  27881 bytes for ./Payload/ARPopUP.app/_CodeSignature/CodeResources
2018-10-04 19:09:32 +0000  copying file ./Payload/ARPopUP.app/LaunchImage-1100-Portrait-2436h@3x.png ... 
2018-10-04 19:09:32 +0000  14552 bytes for ./Payload/ARPopUP.app/LaunchImage-1100-Portrait-2436h@3x.png
copying file ./Payload/ARPopUP.app/ARPopUP ... 
2018-10-04 19:09:34 +0000  41572528 bytes for ./Payload/ARPopUP.app/ARPopUP
copying file ./Payload/ARPopUP.app/LaunchImage@2x.png ... 
2018-10-04 19:09:34 +0000  3933 bytes for ./Payload/ARPopUP.app/LaunchImage@2x.png
2018-10-04 19:09:34 +0000  copying file ./Payload/ARPopUP.app/AppIcon20x20@2x.png ... 
2018-10-04 19:09:34 +0000  969 bytes for ./Payload/ARPopUP.app/AppIcon20x20@2x.png
copying file ./Payload/ARPopUP.app/LaunchScreen-iPhonePortrait.png ... 
2018-10-04 19:09:34 +0000  138 bytes for ./Payload/ARPopUP.app/LaunchScreen-iPhonePortrait.png
copying file ./Payload/ARPopUP.app/LaunchScreen-iPhoneLandscape.png ... 
2018-10-04 19:09:34 +0000  138 bytes for ./Payload/ARPopUP.app/LaunchScreen-iPhoneLandscape.png
copying file ./Payload/ARPopUP.app/AppIcon20x20@3x.png ... 
2018-10-04 19:09:34 +0000  1290 bytes for ./Payload/ARPopUP.app/AppIcon20x20@3x.png
copying file ./Payload/ARPopUP.app/AppIcon29x29.png ... 
2018-10-04 19:09:34 +0000  815 bytes for ./Payload/ARPopUP.app/AppIcon29x29.png
copying file ./Payload/ARPopUP.app/LaunchScreen-iPad.nib ... 
2018-10-04 19:09:34 +0000  1443 bytes for ./Payload/ARPopUP.app/LaunchScreen-iPad.nib
copying file ./Payload/ARPopUP.app/LaunchImage-568h@2x.png ... 
2018-10-04 19:09:34 +0000  4617 bytes for ./Payload/ARPopUP.app/LaunchImage-568h@2x.png
copying file ./Payload/ARPopUP.app/LaunchScreen-iPhone.nib ... 
2018-10-04 19:09:34 +0000  1453 bytes for ./Payload/ARPopUP.app/LaunchScreen-iPhone.nib
copying file ./Payload/ARPopUP.app/AppIcon60x60@2x.png ... 
2018-10-04 19:09:34 +0000  2918 bytes for ./Payload/ARPopUP.app/AppIcon60x60@2x.png
2018-10-04 19:09:34 +0000  copying file ./Payload/ARPopUP.app/AppIcon29x29@2x.png ... 
2018-10-04 19:09:34 +0000  1279 bytes for ./Payload/ARPopUP.app/AppIcon29x29@2x.png
copying file ./Payload/ARPopUP.app/LaunchImage-1100-Landscape-2436h@3x.png ... 
2018-10-04 19:09:34 +0000  12707 bytes for ./Payload/ARPopUP.app/LaunchImage-1100-Landscape-2436h@3x.png
copying file ./Payload/ARPopUP.app/LaunchImage-800-667h@2x.png ... 
2018-10-04 19:09:34 +0000  5949 bytes for ./Payload/ARPopUP.app/LaunchImage-800-667h@2x.png
2018-10-04 19:09:34 +0000  copying file ./Payload/ARPopUP.app/LaunchImage-Portrait@2x~ipad.png ... 
2018-10-04 19:09:34 +0000  15515 bytes for ./Payload/ARPopUP.app/LaunchImage-Portrait@2x~ipad.png
copying file ./Payload/ARPopUP.app/AppIcon40x40@3x.png ... 
2018-10-04 19:09:34 +0000  2918 bytes for ./Payload/ARPopUP.app/AppIcon40x40@3x.png
2018-10-04 19:09:34 +0000  copying file ./Payload/ARPopUP.app/AppIcon29x29~ipad.png ... 
2018-10-04 19:09:34 +0000  815 bytes for ./Payload/ARPopUP.app/AppIcon29x29~ipad.png
copying file ./Payload/ARPopUP.app/AppIcon40x40@2x.png ... 
2018-10-04 19:09:34 +0000  1854 bytes for ./Payload/ARPopUP.app/AppIcon40x40@2x.png
copying file ./Payload/ARPopUP.app/LaunchImage-Portrait~ipad.png ... 
2018-10-04 19:09:34 +0000  4691 bytes for ./Payload/ARPopUP.app/LaunchImage-Portrait~ipad.png
copying file ./Payload/ARPopUP.app/AppIcon29x29@3x.png ... 
2018-10-04 19:09:34 +0000  2010 bytes for ./Payload/ARPopUP.app/AppIcon29x29@3x.png
2018-10-04 19:09:34 +0000  copying file ./Payload/ARPopUP.app/AppIcon60x60@3x.png ... 
2018-10-04 19:09:34 +0000  5122 bytes for ./Payload/ARPopUP.app/AppIcon60x60@3x.png
copying file ./Payload/ARPopUP.app/LaunchScreen-iPad.png ... 
2018-10-04 19:09:34 +0000  138 bytes for ./Payload/ARPopUP.app/LaunchScreen-iPad.png
copying file ./Payload/ARPopUP.app/LaunchImage-Landscape~ipad.png ... 
2018-10-04 19:09:34 +0000  4433 bytes for ./Payload/ARPopUP.app/LaunchImage-Landscape~ipad.png
2018-10-04 19:09:34 +0000  copying file ./Payload/ARPopUP.app/LaunchImage-700-Portrait~ipad.png ... 
2018-10-04 19:09:34 +0000  4691 bytes for ./Payload/ARPopUP.app/LaunchImage-700-Portrait~ipad.png
copying file ./Payload/ARPopUP.app/Assets.car ... 
2018-10-04 19:09:34 +0000  165336 bytes for ./Payload/ARPopUP.app/Assets.car
copying file ./Payload/ARPopUP.app/AppIcon40x40@2x~ipad.png ... 
2018-10-04 19:09:34 +0000  1854 bytes for ./Payload/ARPopUP.app/AppIcon40x40@2x~ipad.png
copying file ./Payload/ARPopUP.app/AppIcon76x76@2x~ipad.png ... 
2018-10-04 19:09:34 +0000  3963 bytes for ./Payload/ARPopUP.app/AppIcon76x76@2x~ipad.png
2018-10-04 19:09:34 +0000  copying file ./Payload/ARPopUP.app/LaunchImage-800-Portrait-736h@3x.png ... 
2018-10-04 19:09:34 +0000  14196 bytes for ./Payload/ARPopUP.app/LaunchImage-800-Portrait-736h@3x.png
copying file ./Payload/ARPopUP.app/LaunchImage-700@2x.png ... 
2018-10-04 19:09:34 +0000  3933 bytes for ./Payload/ARPopUP.app/LaunchImage-700@2x.png
copying file ./Payload/ARPopUP.app/AppIcon83.5x83.5@2x~ipad.png ... 
2018-10-04 19:09:34 +0000  4624 bytes for ./Payload/ARPopUP.app/AppIcon83.5x83.5@2x~ipad.png
2018-10-04 19:09:34 +0000  copying file ./Payload/ARPopUP.app/LaunchImage-700-568h@2x.png ... 
2018-10-04 19:09:34 +0000  4617 bytes for ./Payload/ARPopUP.app/LaunchImage-700-568h@2x.png
copying file ./Payload/ARPopUP.app/LaunchImage-Landscape@2x~ipad.png ... 
2018-10-04 19:09:34 +0000  14943 bytes for ./Payload/ARPopUP.app/LaunchImage-Landscape@2x~ipad.png
2018-10-04 19:09:34 +0000  copying file ./Payload/ARPopUP.app/AppIcon29x29@2x~ipad.png ... 
2018-10-04 19:09:34 +0000  1279 bytes for ./Payload/ARPopUP.app/AppIcon29x29@2x~ipad.png
copying file ./Payload/ARPopUP.app/LaunchImage-700-Landscape@2x~ipad.png ... 
2018-10-04 19:09:34 +0000  14943 bytes for ./Payload/ARPopUP.app/LaunchImage-700-Landscape@2x~ipad.png
copying file ./Payload/ARPopUP.app/AppIcon40x40~ipad.png ... 
2018-10-04 19:09:34 +0000  969 bytes for ./Payload/ARPopUP.app/AppIcon40x40~ipad.png
2018-10-04 19:09:34 +0000  copying file ./Payload/ARPopUP.app/Frameworks/Vuforia.framework/_CodeSignature/CodeResources ... 
2018-10-04 19:09:34 +0000  2202 bytes for ./Payload/ARPopUP.app/Frameworks/Vuforia.framework/_CodeSignature/CodeResources
2018-10-04 19:09:34 +0000  copying file ./Payload/ARPopUP.app/Frameworks/Vuforia.framework/Vuforia ... 
2018-10-04 19:09:35 +0000  33200960 bytes for ./Payload/ARPopUP.app/Frameworks/Vuforia.framework/Vuforia
copying file ./Payload/ARPopUP.app/Frameworks/Vuforia.framework/Info.plist ... 
2018-10-04 19:09:35 +0000  706 bytes for ./Payload/ARPopUP.app/Frameworks/Vuforia.framework/Info.plist
2018-10-04 19:09:35 +0000  copying file ./Payload/ARPopUP.app/AppIcon20x20~ipad.png ... 
2018-10-04 19:09:35 +0000  612 bytes for ./Payload/ARPopUP.app/AppIcon20x20~ipad.png
copying file ./Payload/ARPopUP.app/Vuforia/VuforiaMars_Object_OT.xml ... 
2018-10-04 19:09:35 +0000  239 bytes for ./Payload/ARPopUP.app/Vuforia/VuforiaMars_Object_OT.xml
copying file ./Payload/ARPopUP.app/Vuforia/VuforiaMars_VuMark.xml ... 
2018-10-04 19:09:35 +0000  174 bytes for ./Payload/ARPopUP.app/Vuforia/VuforiaMars_VuMark.xml
copying file ./Payload/ARPopUP.app/Vuforia/GHD_Vuforia.dat ... 
2018-10-04 19:09:35 +0000  733612 bytes for ./Payload/ARPopUP.app/Vuforia/GHD_Vuforia.dat
copying file ./Payload/ARPopUP.app/Vuforia/VuforiaMars_Object_OT.dat ... 
2018-10-04 19:09:36 +0000  5612810 bytes for ./Payload/ARPopUP.app/Vuforia/VuforiaMars_Object_OT.dat
copying file ./Payload/ARPopUP.app/Vuforia/VuforiaMars_VuMark.dat ... 
2018-10-04 19:09:36 +0000  36825 bytes for ./Payload/ARPopUP.app/Vuforia/VuforiaMars_VuMark.dat
2018-10-04 19:09:36 +0000  copying file ./Payload/ARPopUP.app/Vuforia/GHD_Vuforia.xml ... 
1510 bytes for ./Payload/ARPopUP.app/Vuforia/GHD_Vuforia.xml
copying file ./Payload/ARPopUP.app/Vuforia/VuforiaMars_ModelTarget.xml ... 
2018-10-04 19:09:36 +0000  574 bytes for ./Payload/ARPopUP.app/Vuforia/VuforiaMars_ModelTarget.xml
copying file ./Payload/ARPopUP.app/Vuforia/VuforiaMars_ModelTarget.dat ... 
2018-10-04 19:09:36 +0000  1507487 bytes for ./Payload/ARPopUP.app/Vuforia/VuforiaMars_ModelTarget.dat
copying file ./Payload/ARPopUP.app/Vuforia/VuforiaMars_Images.dat ... 
2018-10-04 19:09:36 +0000  801555 bytes for ./Payload/ARPopUP.app/Vuforia/VuforiaMars_Images.dat
copying file ./Payload/ARPopUP.app/Vuforia/VuforiaMars_Images.xml ... 
2018-10-04 19:09:36 +0000  1512 bytes for ./Payload/ARPopUP.app/Vuforia/VuforiaMars_Images.xml
copying file ./Payload/ARPopUP.app/LaunchImage.png ... 
2018-10-04 19:09:36 +0000  1425 bytes for ./Payload/ARPopUP.app/LaunchImage.png
copying file ./Payload/ARPopUP.app/embedded.mobileprovision ... 
2018-10-04 19:09:36 +0000  7564 bytes for ./Payload/ARPopUP.app/embedded.mobileprovision
2018-10-04 19:09:36 +0000  copying file ./Payload/ARPopUP.app/Data/Managed/Resources/mscorlib.dll-resources.dat ... 
2018-10-04 19:09:36 +0000  337563 bytes for ./Payload/ARPopUP.app/Data/Managed/Resources/mscorlib.dll-resources.dat
2018-10-04 19:09:36 +0000  copying file ./Payload/ARPopUP.app/Data/Managed/mono/2.0/machine.config ... 
2018-10-04 19:09:36 +0000  27625 bytes for ./Payload/ARPopUP.app/Data/Managed/mono/2.0/machine.config
2018-10-04 19:09:36 +0000  copying file ./Payload/ARPopUP.app/Data/Managed/mono/4.0/machine.config ... 
2018-10-04 19:09:36 +0000  33648 bytes for ./Payload/ARPopUP.app/Data/Managed/mono/4.0/machine.config
2018-10-04 19:09:36 +0000  copying file ./Payload/ARPopUP.app/Data/Managed/Metadata/global-metadata.dat ... 
2018-10-04 19:09:36 +0000  2929324 bytes for ./Payload/ARPopUP.app/Data/Managed/Metadata/global-metadata.dat
2018-10-04 19:09:36 +0000  copying file ./Payload/ARPopUP.app/Data/globalgamemanagers ... 
2018-10-04 19:09:36 +0000  40352 bytes for ./Payload/ARPopUP.app/Data/globalgamemanagers
2018-10-04 19:09:36 +0000  copying file ./Payload/ARPopUP.app/Data/boot.config ... 
68 bytes for ./Payload/ARPopUP.app/Data/boot.config
copying file ./Payload/ARPopUP.app/Data/resources.assets ... 
2018-10-04 19:09:36 +0000  218568 bytes for ./Payload/ARPopUP.app/Data/resources.assets
2018-10-04 19:09:36 +0000  copying file ./Payload/ARPopUP.app/Data/Resources/unity_builtin_extra ... 
2018-10-04 19:09:36 +0000  499216 bytes for ./Payload/ARPopUP.app/Data/Resources/unity_builtin_extra
2018-10-04 19:09:36 +0000  copying file ./Payload/ARPopUP.app/Data/unity default resources ... 
2018-10-04 19:09:36 +0000  6174708 bytes for ./Payload/ARPopUP.app/Data/unity default resources
copying file ./Payload/ARPopUP.app/Data/sharedassets0.assets.resS ... 
2018-10-04 19:09:40 +0000  80290440 bytes for ./Payload/ARPopUP.app/Data/sharedassets0.assets.resS
copying file ./Payload/ARPopUP.app/Data/sharedassets0.assets ... 
2018-10-04 19:09:43 +0000  62220444 bytes for ./Payload/ARPopUP.app/Data/sharedassets0.assets
2018-10-04 19:09:43 +0000  copying file ./Payload/ARPopUP.app/Data/globalgamemanagers.assets.resS ... 
2018-10-04 19:09:43 +0000  5039588 bytes for ./Payload/ARPopUP.app/Data/globalgamemanagers.assets.resS
copying file ./Payload/ARPopUP.app/Data/level0 ... 
2018-10-04 19:09:43 +0000  15985748 bytes for ./Payload/ARPopUP.app/Data/level0
2018-10-04 19:09:43 +0000  copying file ./Payload/ARPopUP.app/Data/resources.assets.resS ... 
2018-10-04 19:09:43 +0000  174848 bytes for ./Payload/ARPopUP.app/Data/resources.assets.resS
2018-10-04 19:09:43 +0000  copying file ./Payload/ARPopUP.app/Data/Raw/Vuforia/VuforiaMars_Object_OT.xml ... 
2018-10-04 19:09:43 +0000  239 bytes for ./Payload/ARPopUP.app/Data/Raw/Vuforia/VuforiaMars_Object_OT.xml
copying file ./Payload/ARPopUP.app/Data/Raw/Vuforia/VuforiaMars_VuMark.xml ... 
2018-10-04 19:09:43 +0000  174 bytes for ./Payload/ARPopUP.app/Data/Raw/Vuforia/VuforiaMars_VuMark.xml
copying file ./Payload/ARPopUP.app/Data/Raw/Vuforia/GHD_Vuforia.dat ... 
2018-10-04 19:09:43 +0000  733612 bytes for ./Payload/ARPopUP.app/Data/Raw/Vuforia/GHD_Vuforia.dat
copying file ./Payload/ARPopUP.app/Data/Raw/Vuforia/VuforiaMars_Object_OT.dat ... 
2018-10-04 19:09:43 +0000  5612810 bytes for ./Payload/ARPopUP.app/Data/Raw/Vuforia/VuforiaMars_Object_OT.dat
copying file ./Payload/ARPopUP.app/Data/Raw/Vuforia/VuforiaMars_VuMark.dat ... 
2018-10-04 19:09:43 +0000  36825 bytes for ./Payload/ARPopUP.app/Data/Raw/Vuforia/VuforiaMars_VuMark.dat
copying file ./Payload/ARPopUP.app/Data/Raw/Vuforia/GHD_Vuforia.xml ... 
2018-10-04 19:09:43 +0000  1510 bytes for ./Payload/ARPopUP.app/Data/Raw/Vuforia/GHD_Vuforia.xml
2018-10-04 19:09:43 +0000  copying file ./Payload/ARPopUP.app/Data/Raw/Vuforia/VuforiaMars_ModelTarget.xml ... 
574 bytes for ./Payload/ARPopUP.app/Data/Raw/Vuforia/VuforiaMars_ModelTarget.xml
2018-10-04 19:09:43 +0000  copying file ./Payload/ARPopUP.app/Data/Raw/Vuforia/VuforiaMars_ModelTarget.dat ... 
2018-10-04 19:09:44 +0000  1507487 bytes for ./Payload/ARPopUP.app/Data/Raw/Vuforia/VuforiaMars_ModelTarget.dat
copying file ./Payload/ARPopUP.app/Data/Raw/Vuforia/VuforiaMars_Images.dat ... 
2018-10-04 19:09:44 +0000  801555 bytes for ./Payload/ARPopUP.app/Data/Raw/Vuforia/VuforiaMars_Images.dat
copying file ./Payload/ARPopUP.app/Data/Raw/Vuforia/VuforiaMars_Images.xml ... 
2018-10-04 19:09:44 +0000  1512 bytes for ./Payload/ARPopUP.app/Data/Raw/Vuforia/VuforiaMars_Images.xml
copying file ./Payload/ARPopUP.app/Data/globalgamemanagers.assets ... 
2018-10-04 19:09:44 +0000  65052 bytes for ./Payload/ARPopUP.app/Data/globalgamemanagers.assets
2018-10-04 19:09:44 +0000  copying file ./Payload/ARPopUP.app/LaunchImage-800-Landscape-736h@3x.png ... 
2018-10-04 19:09:44 +0000  12887 bytes for ./Payload/ARPopUP.app/LaunchImage-800-Landscape-736h@3x.png
copying file ./Payload/ARPopUP.app/LaunchImage-700-Portrait@2x~ipad.png ... 
2018-10-04 19:09:44 +0000  15515 bytes for ./Payload/ARPopUP.app/LaunchImage-700-Portrait@2x~ipad.png
2018-10-04 19:09:44 +0000  copying file ./Payload/ARPopUP.app/LaunchImage-700-Landscape~ipad.png ... 
2018-10-04 19:09:44 +0000  4433 bytes for ./Payload/ARPopUP.app/LaunchImage-700-Landscape~ipad.png
copying file ./Payload/ARPopUP.app/AppIcon20x20@2x~ipad.png ... 
2018-10-04 19:09:44 +0000  969 bytes for ./Payload/ARPopUP.app/AppIcon20x20@2x~ipad.png
copying file ./Payload/ARPopUP.app/Info.plist ... 
2018-10-04 19:09:44 +0000  2576 bytes for ./Payload/ARPopUP.app/Info.plist
copying file ./Payload/ARPopUP.app/PkgInfo ... 
2018-10-04 19:09:44 +0000  8 bytes for ./Payload/ARPopUP.app/PkgInfo
copying file ./Payload/ARPopUP.app/AppIcon76x76~ipad.png ... 
2018-10-04 19:09:44 +0000  1737 bytes for ./Payload/ARPopUP.app/AppIcon76x76~ipad.png
2018-10-04 19:09:44 +0000  /usr/bin/ditto exited with 0
2018-10-04 19:09:44 +0000  Processing step: IDEDistributionAppStoreInformationStep
2018-10-04 19:09:44 +0000  Skipping step: IDEDistributionAppStoreInformationStep because it said so
2018-10-04 19:09:44 +0000  Processing step: IDEDistributionCreateManifestStep
